This is pdfTeX, Version 3.141592653-2.6-1.40.24 (TeX Live 2022) (preloaded format=pdflatex 2023.1.16)  9 NOV 2023 20:43
entering extended mode
 restricted \write18 enabled.
 file:line:error style messages enabled.
 %&-line parsing enabled.
**"d:/PhD PSU/Dissertation/Dissertation paper/PSU_Thesis-main/Yan_Hao_PhD-Dissertation.tex"
(d:/PhD PSU/Dissertation/Dissertation paper/PSU_Thesis-main/Yan_Hao_PhD-Dissertation.tex
LaTeX2e <2022-11-01> patch level 1
L3 programming layer <2022-12-17> (./psuthesis.cls
Document Class: psuthesis 2019/07/10 v2.9.2 psuthesis class
(d:/Programs/Tex/texlive/2022/texmf-dist/tex/latex/base/ifthen.sty
Package: ifthen 2022/04/13 v1.1d Standard LaTeX ifthen package (DPC)
) (d:/Programs/Tex/texlive/2022/texmf-dist/tex/latex/base/book.cls
Document Class: book 2022/07/02 v1.4n Standard LaTeX document class
(d:/Programs/Tex/texlive/2022/texmf-dist/tex/latex/base/bk12.clo
File: bk12.clo 2022/07/02 v1.4n Standard LaTeX file (size option)
)
\c@part=\count185
\c@chapter=\count186
\c@section=\count187
\c@subsection=\count188
\c@subsubsection=\count189
\c@paragraph=\count190
\c@subparagraph=\count191
\c@figure=\count192
\c@table=\count193
\abovecaptionskip=\skip48
\belowcaptionskip=\skip49
\bibindent=\dimen140
) (d:/Programs/Tex/texlive/2022/texmf-dist/tex/latex/tools/calc.sty
Package: calc 2017/05/25 v4.3 Infix arithmetic (KKT,FJ)
\calc@Acount=\count194
\calc@Bcount=\count195
\calc@Adimen=\dimen141
\calc@Bdimen=\dimen142
\calc@Askip=\skip50
\calc@Bskip=\skip51
LaTeX Info: Redefining \setlength on input line 80.
LaTeX Info: Redefining \addtolength on input line 81.
\calc@Ccount=\count196
\calc@Cskip=\skip52
) (d:/Programs/Tex/texlive/2022/texmf-dist/tex/latex/setspace/setspace.sty
Package: setspace 2022/12/04 v6.7b set line spacing
) (d:/Programs/Tex/texlive/2022/texmf-dist/tex/latex/tocloft/tocloft.sty
Package: tocloft 2017/08/31 v2.3i parameterised ToC, etc., typesetting
Package tocloft Info: The document has chapter divisions on input line 51.
\cftparskip=\skip53
\cftbeforetoctitleskip=\skip54
\cftaftertoctitleskip=\skip55
\cftbeforepartskip=\skip56
\cftpartnumwidth=\skip57
\cftpartindent=\skip58
\cftbeforechapskip=\skip59
\cftchapindent=\skip60
\cftchapnumwidth=\skip61
\cftbeforesecskip=\skip62
\cftsecindent=\skip63
\cftsecnumwidth=\skip64
\cftbeforesubsecskip=\skip65
\cftsubsecindent=\skip66
\cftsubsecnumwidth=\skip67
\cftbeforesubsubsecskip=\skip68
\cftsubsubsecindent=\skip69
\cftsubsubsecnumwidth=\skip70
\cftbeforeparaskip=\skip71
\cftparaindent=\skip72
\cftparanumwidth=\skip73
\cftbeforesubparaskip=\skip74
\cftsubparaindent=\skip75
\cftsubparanumwidth=\skip76
\cftbeforeloftitleskip=\skip77
\cftafterloftitleskip=\skip78
\cftbeforefigskip=\skip79
\cftfigindent=\skip80
\cftfignumwidth=\skip81
\cftbeforelottitleskip=\skip82
\cftafterlottitleskip=\skip83
\cftbeforetabskip=\skip84
\cfttabindent=\skip85
\cfttabnumwidth=\skip86
\cftbeforesubfigskip=\skip87
\cftsubfigindent=\skip88
\cftsubfignumwidth=\skip89
\cftbeforesubtabskip=\skip90
\cftsubtabindent=\skip91
\cftsubtabnumwidth=\skip92
) (d:/Programs/Tex/texlive/2022/texmf-dist/tex/latex/fancyhdr/fancyhdr.sty
Package: fancyhdr 2022/11/09 v4.1 Extensive control of page headers and footers
\f@nch@headwidth=\skip93
\f@nch@O@elh=\skip94
\f@nch@O@erh=\skip95
\f@nch@O@olh=\skip96
\f@nch@O@orh=\skip97
\f@nch@O@elf=\skip98
\f@nch@O@erf=\skip99
\f@nch@O@olf=\skip100
\f@nch@O@orf=\skip101
) (d:/Programs/Tex/texlive/2022/texmf-dist/tex/latex/textcase/textcase.sty
Package: textcase 2022/07/10 v1.03 Text only upper/lower case changing (DPC)
Package textcase Info: Defining Legacy names on input line 20.
) (d:/Programs/Tex/texlive/2022/texmf-dist/tex/latex/geometry/geometry.sty
Package: geometry 2020/01/02 v5.9 Page Geometry
 (d:/Programs/Tex/texlive/2022/texmf-dist/tex/latex/graphics/keyval.sty
Package: keyval 2022/05/29 v1.15 key=value parser (DPC)
\KV@toks@=\toks16
) (d:/Programs/Tex/texlive/2022/texmf-dist/tex/generic/iftex/ifvtex.sty
Package: ifvtex 2019/10/25 v1.7 ifvtex legacy package. Use iftex instead.
 (d:/Programs/Tex/texlive/2022/texmf-dist/tex/generic/iftex/iftex.sty
Package: iftex 2022/02/03 v1.0f TeX engine tests
))
\Gm@cnth=\count197
\Gm@cntv=\count198
\c@Gm@tempcnt=\count199
\Gm@bindingoffset=\dimen143
\Gm@wd@mp=\dimen144
\Gm@odd@mp=\dimen145
\Gm@even@mp=\dimen146
\Gm@layoutwidth=\dimen147
\Gm@layoutheight=\dimen148
\Gm@layouthoffset=\dimen149
\Gm@layoutvoffset=\dimen150
\Gm@dimlist=\toks17
) (d:/Programs/Tex/texlive/2022/texmf-dist/tex/latex/oberdiek/twoopt.sty
Package: twoopt 2016/05/16 v1.6 Definitions with two optional arguments (HO)
)
\mylength=\skip102
\mylonglength=\skip103
\tempbox=\box51
\psu@sigoptionskip=\skip104
\psu@sigafteroptionskip=\skip105
\psu@intersigspace=\skip106
) (d:/Programs/Tex/texlive/2022/texmf-dist/tex/latex/base/fontenc.sty
Package: fontenc 2021/04/29 v2.0v Standard LaTeX package
) (d:/Programs/Tex/texlive/2022/texmf-dist/tex/latex/lm/lmodern.sty
Package: lmodern 2015/05/01 v1.6.1 Latin Modern Fonts
LaTeX Font Info:    Overwriting symbol font `operators' in version `normal'
(Font)                  OT1/cmr/m/n --> OT1/lmr/m/n on input line 22.
LaTeX Font Info:    Overwriting symbol font `letters' in version `normal'
(Font)                  OML/cmm/m/it --> OML/lmm/m/it on input line 23.
LaTeX Font Info:    Overwriting symbol font `symbols' in version `normal'
(Font)                  OMS/cmsy/m/n --> OMS/lmsy/m/n on input line 24.
LaTeX Font Info:    Overwriting symbol font `largesymbols' in version `normal'
(Font)                  OMX/cmex/m/n --> OMX/lmex/m/n on input line 25.
LaTeX Font Info:    Overwriting symbol font `operators' in version `bold'
(Font)                  OT1/cmr/bx/n --> OT1/lmr/bx/n on input line 26.
LaTeX Font Info:    Overwriting symbol font `letters' in version `bold'
(Font)                  OML/cmm/b/it --> OML/lmm/b/it on input line 27.
LaTeX Font Info:    Overwriting symbol font `symbols' in version `bold'
(Font)                  OMS/cmsy/b/n --> OMS/lmsy/b/n on input line 28.
LaTeX Font Info:    Overwriting symbol font `largesymbols' in version `bold'
(Font)                  OMX/cmex/m/n --> OMX/lmex/m/n on input line 29.
LaTeX Font Info:    Overwriting math alphabet `\mathbf' in version `normal'
(Font)                  OT1/cmr/bx/n --> OT1/lmr/bx/n on input line 31.
LaTeX Font Info:    Overwriting math alphabet `\mathsf' in version `normal'
(Font)                  OT1/cmss/m/n --> OT1/lmss/m/n on input line 32.
LaTeX Font Info:    Overwriting math alphabet `\mathit' in version `normal'
(Font)                  OT1/cmr/m/it --> OT1/lmr/m/it on input line 33.
LaTeX Font Info:    Overwriting math alphabet `\mathtt' in version `normal'
(Font)                  OT1/cmtt/m/n --> OT1/lmtt/m/n on input line 34.
LaTeX Font Info:    Overwriting math alphabet `\mathbf' in version `bold'
(Font)                  OT1/cmr/bx/n --> OT1/lmr/bx/n on input line 35.
LaTeX Font Info:    Overwriting math alphabet `\mathsf' in version `bold'
(Font)                  OT1/cmss/bx/n --> OT1/lmss/bx/n on input line 36.
LaTeX Font Info:    Overwriting math alphabet `\mathit' in version `bold'
(Font)                  OT1/cmr/bx/it --> OT1/lmr/bx/it on input line 37.
LaTeX Font Info:    Overwriting math alphabet `\mathtt' in version `bold'
(Font)                  OT1/cmtt/m/n --> OT1/lmtt/m/n on input line 38.
) (d:/Programs/Tex/texlive/2022/texmf-dist/tex/latex/base/textcomp.sty
Package: textcomp 2020/02/02 v2.0n Standard LaTeX package
) (d:/Programs/Tex/texlive/2022/texmf-dist/tex/latex/microtype/microtype.sty
Package: microtype 2022/06/23 v3.0f Micro-typographical refinements (RS)
 (d:/Programs/Tex/texlive/2022/texmf-dist/tex/latex/etoolbox/etoolbox.sty
Package: etoolbox 2020/10/05 v2.5k e-TeX tools for LaTeX (JAW)
\etb@tempcnta=\count266
)
\MT@toks=\toks18
\MT@tempbox=\box52
\MT@count=\count267
LaTeX Info: Redefining \noprotrusionifhmode on input line 1045.
LaTeX Info: Redefining \leftprotrusion on input line 1046.
LaTeX Info: Redefining \rightprotrusion on input line 1056.
LaTeX Info: Redefining \textls on input line 1234.
\MT@outer@kern=\dimen151
LaTeX Info: Redefining \textmicrotypecontext on input line 1858.
\MT@listname@count=\count268
 (d:/Programs/Tex/texlive/2022/texmf-dist/tex/latex/microtype/microtype-pdftex.def
File: microtype-pdftex.def 2022/06/23 v3.0f Definitions specific to pdftex (RS)
LaTeX Info: Redefining \lsstyle on input line 900.
LaTeX Info: Redefining \lslig on input line 900.
\MT@outer@space=\skip107
)
Package microtype Info: Loading configuration file microtype.cfg.
 (d:/Programs/Tex/texlive/2022/texmf-dist/tex/latex/microtype/microtype.cfg
File: microtype.cfg 2022/06/23 v3.0f microtype main configuration file (RS)
)) (d:/Programs/Tex/texlive/2022/texmf-dist/tex/latex/pdflscape/pdflscape.sty
Package: pdflscape 2022-10-27 v0.13 Display of landscape pages in PDF
 (d:/Programs/Tex/texlive/2022/texmf-dist/tex/latex/pdflscape/pdflscape-nometadata.sty
Package: pdflscape-nometadata 2022-10-28 v0.13 Display of landscape pages in PDF (HO)
 (d:/Programs/Tex/texlive/2022/texmf-dist/tex/latex/graphics/lscape.sty
Package: lscape 2020/05/28 v3.02 Landscape Pages (DPC)
 (d:/Programs/Tex/texlive/2022/texmf-dist/tex/latex/graphics/graphics.sty
Package: graphics 2022/03/10 v1.4e Standard LaTeX Graphics (DPC,SPQR)
 (d:/Programs/Tex/texlive/2022/texmf-dist/tex/latex/graphics/trig.sty
Package: trig 2021/08/11 v1.11 sin cos tan (DPC)
) (d:/Programs/Tex/texlive/2022/texmf-dist/tex/latex/graphics-cfg/graphics.cfg
File: graphics.cfg 2016/06/04 v1.11 sample graphics configuration
)
Package graphics Info: Driver file: pdftex.def on input line 107.
 (d:/Programs/Tex/texlive/2022/texmf-dist/tex/latex/graphics-def/pdftex.def
File: pdftex.def 2022/09/22 v1.2b Graphics/color driver for pdftex
)))
Package pdflscape Info: Auto-detected driver: pdftex on input line 81.
)) (d:/Programs/Tex/texlive/2022/texmf-dist/tex/latex/amsmath/amsmath.sty
Package: amsmath 2022/04/08 v2.17n AMS math features
\@mathmargin=\skip108

For additional information on amsmath, use the `?' option.
(d:/Programs/Tex/texlive/2022/texmf-dist/tex/latex/amsmath/amstext.sty
Package: amstext 2021/08/26 v2.01 AMS text
 (d:/Programs/Tex/texlive/2022/texmf-dist/tex/latex/amsmath/amsgen.sty
File: amsgen.sty 1999/11/30 v2.0 generic functions
\@emptytoks=\toks19
\ex@=\dimen152
)) (d:/Programs/Tex/texlive/2022/texmf-dist/tex/latex/amsmath/amsbsy.sty
Package: amsbsy 1999/11/29 v1.2d Bold Symbols
\pmbraise@=\dimen153
) (d:/Programs/Tex/texlive/2022/texmf-dist/tex/latex/amsmath/amsopn.sty
Package: amsopn 2022/04/08 v2.04 operator names
)
\inf@bad=\count269
LaTeX Info: Redefining \frac on input line 234.
\uproot@=\count270
\leftroot@=\count271
LaTeX Info: Redefining \overline on input line 399.
LaTeX Info: Redefining \colon on input line 410.
\classnum@=\count272
\DOTSCASE@=\count273
LaTeX Info: Redefining \ldots on input line 496.
LaTeX Info: Redefining \dots on input line 499.
LaTeX Info: Redefining \cdots on input line 620.
\Mathstrutbox@=\box53
\strutbox@=\box54
LaTeX Info: Redefining \big on input line 722.
LaTeX Info: Redefining \Big on input line 723.
LaTeX Info: Redefining \bigg on input line 724.
LaTeX Info: Redefining \Bigg on input line 725.
\big@size=\dimen154
LaTeX Font Info:    Redeclaring font encoding OML on input line 743.
LaTeX Font Info:    Redeclaring font encoding OMS on input line 744.
\macc@depth=\count274
LaTeX Info: Redefining \bmod on input line 905.
LaTeX Info: Redefining \pmod on input line 910.
LaTeX Info: Redefining \smash on input line 940.
LaTeX Info: Redefining \relbar on input line 970.
LaTeX Info: Redefining \Relbar on input line 971.
\c@MaxMatrixCols=\count275
\dotsspace@=\muskip16
\c@parentequation=\count276
\dspbrk@lvl=\count277
\tag@help=\toks20
\row@=\count278
\column@=\count279
\maxfields@=\count280
\andhelp@=\toks21
\eqnshift@=\dimen155
\alignsep@=\dimen156
\tagshift@=\dimen157
\tagwidth@=\dimen158
\totwidth@=\dimen159
\lineht@=\dimen160
\@envbody=\toks22
\multlinegap=\skip109
\multlinetaggap=\skip110
\mathdisplay@stack=\toks23
LaTeX Info: Redefining \[ on input line 2953.
LaTeX Info: Redefining \] on input line 2954.
) (d:/Programs/Tex/texlive/2022/texmf-dist/tex/latex/amsfonts/amssymb.sty
Package: amssymb 2013/01/14 v3.01 AMS font symbols
 (d:/Programs/Tex/texlive/2022/texmf-dist/tex/latex/amsfonts/amsfonts.sty
Package: amsfonts 2013/01/14 v3.01 Basic AMSFonts support
\symAMSa=\mathgroup4
\symAMSb=\mathgroup5
LaTeX Font Info:    Redeclaring math symbol \hbar on input line 98.
LaTeX Font Info:    Overwriting math alphabet `\mathfrak' in version `bold'
(Font)                  U/euf/m/n --> U/euf/b/n on input line 106.
)) (d:/Programs/Tex/texlive/2022/texmf-dist/tex/latex/tools/array.sty
Package: array 2022/09/04 v2.5g Tabular extension package (FMi)
\col@sep=\dimen161
\ar@mcellbox=\box55
\extrarowheight=\dimen162
\NC@list=\toks24
\extratabsurround=\skip111
\backup@length=\skip112
\ar@cellbox=\box56
) (d:/Programs/Tex/texlive/2022/texmf-dist/tex/latex/multirow/multirow.sty
Package: multirow 2021/03/15 v2.8 Span multiple rows of a table
\multirow@colwidth=\skip113
\multirow@cntb=\count281
\multirow@dima=\skip114
\bigstrutjot=\dimen163
) (d:/Programs/Tex/texlive/2022/texmf-dist/tex/latex/booktabs/booktabs.sty
Package: booktabs 2020/01/12 v1.61803398 Publication quality tables
\heavyrulewidth=\dimen164
\lightrulewidth=\dimen165
\cmidrulewidth=\dimen166
\belowrulesep=\dimen167
\belowbottomsep=\dimen168
\aboverulesep=\dimen169
\abovetopsep=\dimen170
\cmidrulesep=\dimen171
\cmidrulekern=\dimen172
\defaultaddspace=\dimen173
\@cmidla=\count282
\@cmidlb=\count283
\@aboverulesep=\dimen174
\@belowrulesep=\dimen175
\@thisruleclass=\count284
\@lastruleclass=\count285
\@thisrulewidth=\dimen176
) (d:/Programs/Tex/texlive/2022/texmf-dist/tex/latex/caption/caption.sty
Package: caption 2022/03/01 v3.6b Customizing captions (AR)
 (d:/Programs/Tex/texlive/2022/texmf-dist/tex/latex/caption/caption3.sty
Package: caption3 2022/03/17 v2.3b caption3 kernel (AR)
\caption@tempdima=\dimen177
\captionmargin=\dimen178
\caption@leftmargin=\dimen179
\caption@rightmargin=\dimen180
\caption@width=\dimen181
\caption@indent=\dimen182
\caption@parindent=\dimen183
\caption@hangindent=\dimen184
Package caption Info: Unknown document class (or package),
(caption)             standard defaults will be used.
Package caption Info: \@makecaption = \long macro:#1#2->\vspace {7pt}\sbox {\tempbox }{\small \textbf {#1.} #2}\ifthenelse {\lengthtest {\wd \tempbox > \linewidth }}{\small \textbf {#1.} #2\par }{\centering \small \textbf {#1.} #2} on input line 1176.
)

Package caption Warning: Unknown document class (or package),
(caption)                standard defaults will be used.
See the caption package documentation for explanation.

\c@caption@flags=\count286
\c@continuedfloat=\count287
) (d:/Programs/Tex/texlive/2022/texmf-dist/tex/latex/subfigure/subfigure.sty
Package: subfigure 2002/03/15 v2.1.5 subfigure package
\subfigtopskip=\skip115
\subfigcapskip=\skip116
\subfigcaptopadj=\dimen185
\subfigbottomskip=\skip117
\subfigcapmargin=\dimen186
\subfiglabelskip=\skip118
\c@subfigure=\count288
\c@lofdepth=\count289
\c@subtable=\count290
\c@lotdepth=\count291

****************************************
* Local config file subfigure.cfg used *
****************************************
(d:/Programs/Tex/texlive/2022/texmf-dist/tex/latex/subfigure/subfigure.cfg)
\subfig@top=\skip119
\subfig@bottom=\skip120
) (d:/Programs/Tex/texlive/2022/texmf-dist/tex/latex/eqlist/eqlist.sty
eqlist.sty by M. Vaeth: Revision 2.1
Package: eqlist 2002/08/15 v2.1
(d:/Programs/Tex/texlive/2022/texmf-dist/tex/latex/eqparbox/eqparbox.sty
Package: eqparbox 2017/09/03 v4.1 Create equal-widthed boxes
\eqp@tempdima=\skip121
\eqp@tempdimb=\skip122
\eqp@tabular@box=\box57
\eqp@list@box=\box58
\eqp@list@indent=\skip123
 (d:/Programs/Tex/texlive/2022/texmf-dist/tex/latex/environ/environ.sty
Package: environ 2014/05/04 v0.3 A new way to define environments
 (d:/Programs/Tex/texlive/2022/texmf-dist/tex/latex/trimspaces/trimspaces.sty
Package: trimspaces 2009/09/17 v1.1 Trim spaces around a token list
)))
\eql@cnt=\count292
) (d:/Programs/Tex/texlive/2022/texmf-dist/tex/latex/numprint/numprint.sty
Package: numprint 2012/08/20 v1.39 Print numbers (HH)
\c@nprt@mantissa@digitsbefore=\count293
\c@nprt@mantissa@digitsafter=\count294
\c@nprt@exponent@digitsbefore=\count295
\c@nprt@exponent@digitsafter=\count296
\nprt@digitwidth=\skip124
\nprt@sepwidth=\skip125
\nprt@decimalwidth=\skip126
\nprt@blockwidth=\skip127
\nprt@digittoks=\toks25
\nprt@pretoks=\toks26
\nprt@posttoks=\toks27
\nprt@thisdigit=\count297
\nprt@curpos=\count298
\nprt@rndpos=\count299
\c@nprt@digitsfirstblock=\count300
\c@nprt@blockcnt=\count301
\c@nprt@cntprint=\count302
 No configuration file `numprint.cfg' found.) (d:/Programs/Tex/texlive/2022/texmf-dist/tex/latex/acro/acro.sty (d:/Programs/Tex/texlive/2022/texmf-dist/tex/latex/l3packages/l3keys2e/l3keys2e.sty (d:/Programs/Tex/texlive/2022/texmf-dist/tex/latex/l3kernel/expl3.sty
Package: expl3 2022-12-17 L3 programming layer (loader) 
 (d:/Programs/Tex/texlive/2022/texmf-dist/tex/latex/l3backend/l3backend-pdftex.def
File: l3backend-pdftex.def 2022-10-26 L3 backend support: PDF output (pdfTeX)
\l__color_backend_stack_int=\count303
\l__pdf_internal_box=\box59
))
Package: l3keys2e 2022-12-17 LaTeX2e option processing using LaTeX3 keys
)
Package: acro 2022/04/01 v3.8 typeset acronyms and other abbreviations (CN)
\l__acro_tmpa_int=\count304
\l__acro_tmpb_int=\count305
\l__acro_tmpc_int=\count306
\l__acro_tmpd_int=\count307
Loading module `base' ...
Loading module `interface' ...
Loading module `aux' ...
Loading module `properties' ...
Loading module `acronyms' ...
Loading module `formatting' ...
Loading module `ppfixes' ...
Loading module `tools' ...
\l__acro_minimal_usage_int=\count308
\l__acro_nest_int=\count309
\g_acro_barrier_int=\count310
\g_acro_barrier_total_int=\count311
Loading module `commands' ...
\l_acro_nest_level_int=\count312
Loading module `templates' ...
Loading module `list' ...
Loading module `pages' ...
\l__acro_pages_seq_threshold_int=\count313
Loading module `locale' ...
 (d:/Programs/Tex/texlive/2022/texmf-dist/tex/latex/translations/translations.sty
Package: translations 2022/02/05 v1.12 internationalization of LaTeX2e packages (CN)
 (d:/Programs/Tex/texlive/2022/texmf-dist/tex/generic/pdftexcmds/pdftexcmds.sty
Package: pdftexcmds 2020-06-27 v0.33 Utility functions of pdfTeX for LuaTeX (HO)
 (d:/Programs/Tex/texlive/2022/texmf-dist/tex/generic/infwarerr/infwarerr.sty
Package: infwarerr 2019/12/03 v1.5 Providing info/warning/error messages (HO)
) (d:/Programs/Tex/texlive/2022/texmf-dist/tex/generic/ltxcmds/ltxcmds.sty
Package: ltxcmds 2020-05-10 v1.25 LaTeX kernel commands for general use (HO)
)
Package pdftexcmds Info: \pdf@primitive is available.
Package pdftexcmds Info: \pdf@ifprimitive is available.
Package pdftexcmds Info: \pdfdraftmode found.
))
Loading module `pdfsupport' ...
Loading module `patch' ...
Loading module `definitions' ...
Loading module `upgrade' ...
) (d:/Programs/Tex/texlive/2022/texmf-dist/tex/latex/graphics/graphicx.sty
Package: graphicx 2021/09/16 v1.2d Enhanced LaTeX Graphics (DPC,SPQR)
\Gin@req@height=\dimen187
\Gin@req@width=\dimen188
) (d:/Programs/Tex/texlive/2022/texmf-dist/tex/latex/graphics/color.sty
Package: color 2022/01/06 v1.3d Standard LaTeX Color (DPC)
 (d:/Programs/Tex/texlive/2022/texmf-dist/tex/latex/graphics-cfg/color.cfg
File: color.cfg 2016/01/02 v1.6 sample color configuration
)
Package color Info: Driver file: pdftex.def on input line 149.
 (d:/Programs/Tex/texlive/2022/texmf-dist/tex/latex/graphics/dvipsnam.def
File: dvipsnam.def 2016/06/17 v3.0m Driver-dependent file (DPC,SPQR)
) (d:/Programs/Tex/texlive/2022/texmf-dist/tex/latex/graphics/mathcolor.ltx)) (d:/Programs/Tex/texlive/2022/texmf-dist/tex/latex/float/float.sty
Package: float 2001/11/08 v1.3d Float enhancements (AL)
\c@float@type=\count314
\float@exts=\toks28
\float@box=\box60
\@float@everytoks=\toks29
\@floatcapt=\box61
) (d:/Programs/Tex/texlive/2022/texmf-dist/tex/latex/url/url.sty
\Urlmuskip=\muskip17
Package: url 2013/09/16  ver 3.4  Verb mode for urls, etc.
) (d:/Programs/Tex/texlive/2022/texmf-dist/tex/latex/tools/longtable.sty
Package: longtable 2021-09-01 v4.17 Multi-page Table package (DPC)
\LTleft=\skip128
\LTright=\skip129
\LTpre=\skip130
\LTpost=\skip131
\LTchunksize=\count315
\LTcapwidth=\dimen189
\LT@head=\box62
\LT@firsthead=\box63
\LT@foot=\box64
\LT@lastfoot=\box65
\LT@gbox=\box66
\LT@cols=\count316
\LT@rows=\count317
\c@LT@tables=\count318
\c@LT@chunks=\count319
\LT@p@ftn=\toks30
) (d:/Programs/Tex/texlive/2022/texmf-dist/tex/latex/cite/cite.sty
LaTeX Info: Redefining \cite on input line 302.
LaTeX Info: Redefining \nocite on input line 332.
Package: cite 2015/02/27  v 5.5
) (d:/Programs/Tex/texlive/2022/texmf-dist/tex/latex/titlesec/titlesec.sty
Package: titlesec 2021/07/05 v2.14 Sectioning titles
\ttl@box=\box67
\beforetitleunit=\skip132
\aftertitleunit=\skip133
\ttl@plus=\dimen190
\ttl@minus=\dimen191
\ttl@toksa=\toks31
\titlewidth=\dimen192
\titlewidthlast=\dimen193
\titlewidthfirst=\dimen194
) (./SupplementaryMaterial/UserDefinedCommands.tex) (d:/Programs/Tex/texlive/2022/texmf-dist/tex/latex/listings/listings.sty
\lst@mode=\count320
\lst@gtempboxa=\box68
\lst@token=\toks32
\lst@length=\count321
\lst@currlwidth=\dimen195
\lst@column=\count322
\lst@pos=\count323
\lst@lostspace=\dimen196
\lst@width=\dimen197
\lst@newlines=\count324
\lst@lineno=\count325
\lst@maxwidth=\dimen198
 (d:/Programs/Tex/texlive/2022/texmf-dist/tex/latex/listings/lstmisc.sty
File: lstmisc.sty 2020/03/24 1.8d (Carsten Heinz)
\c@lstnumber=\count326
\lst@skipnumbers=\count327
\lst@framebox=\box69
) (d:/Programs/Tex/texlive/2022/texmf-dist/tex/latex/listings/listings.cfg
File: listings.cfg 2020/03/24 1.8d listings configuration
))
Package: listings 2020/03/24 1.8d (Carsten Heinz)
Package translations Info: No language package found. I am going to use `english' as default language. on input line 288.
LaTeX Font Info:    Trying to load font information for T1+lmr on input line 288.
 (d:/Programs/Tex/texlive/2022/texmf-dist/tex/latex/lm/t1lmr.fd
File: t1lmr.fd 2015/05/01 v1.6.1 Font defs for Latin Modern
) (./Yan_Hao_PhD-Dissertation.aux (./Chapter-1/Chapter-1.aux) (./Chapter-2/Chapter-2.aux) (./Chapter-3/Chapter-3.aux) (./Chapter-4/Chapter-4.aux) (./Chapter-5/Chapter-5.aux) (./Chapter-6/Chapter-6.aux) (./Appendix-A/Appendix-A.aux) (./Appendix-B/Appendix-B.aux) (./Appendix-C/Appendix-C.aux))
\openout1 = `Yan_Hao_PhD-Dissertation.aux'.

LaTeX Font Info:    Checking defaults for OML/cmm/m/it on input line 288.
LaTeX Font Info:    ... okay on input line 288.
LaTeX Font Info:    Checking defaults for OMS/cmsy/m/n on input line 288.
LaTeX Font Info:    ... okay on input line 288.
LaTeX Font Info:    Checking defaults for OT1/cmr/m/n on input line 288.
LaTeX Font Info:    ... okay on input line 288.
LaTeX Font Info:    Checking defaults for T1/cmr/m/n on input line 288.
LaTeX Font Info:    ... okay on input line 288.
LaTeX Font Info:    Checking defaults for TS1/cmr/m/n on input line 288.
LaTeX Font Info:    ... okay on input line 288.
LaTeX Font Info:    Checking defaults for OMX/cmex/m/n on input line 288.
LaTeX Font Info:    ... okay on input line 288.
LaTeX Font Info:    Checking defaults for U/cmr/m/n on input line 288.
LaTeX Font Info:    ... okay on input line 288.

*geometry* driver: auto-detecting
*geometry* detected driver: pdftex
*geometry* verbose mode - [ preamble ] result:
* driver: pdftex
* paper: letterpaper
* layout: <same size as paper>
* layoutoffset:(h,v)=(0.0pt,0.0pt)
* modes: includefoot 
* h-part:(L,W,R)=(101.17755pt, 448.07489pt, 65.04256pt)
* v-part:(T,H,B)=(65.04256pt, 664.88487pt, 65.04256pt)
* \paperwidth=614.295pt
* \paperheight=794.96999pt
* \textwidth=448.07489pt
* \textheight=634.88487pt
* \oddsidemargin=28.90756pt
* \evensidemargin=28.90756pt
* \topmargin=-39.10123pt
* \headheight=12.0pt
* \headsep=19.8738pt
* \topskip=12.0pt
* \footskip=30.0pt
* \marginparwidth=47.0pt
* \marginparsep=7.0pt
* \columnsep=10.0pt
* \skip\footins=10.8pt plus 4.0pt minus 2.0pt
* \hoffset=0.0pt
* \voffset=0.0pt
* \mag=1000
* \@twocolumnfalse
* \@twosidefalse
* \@mparswitchfalse
* \@reversemarginfalse
* (1in=72.27pt=25.4mm, 1cm=28.453pt)

LaTeX Info: Redefining \microtypecontext on input line 288.
Package microtype Info: Applying patch `item' on input line 288.
Package microtype Info: Applying patch `toc' on input line 288.
Package microtype Info: Applying patch `eqnum' on input line 288.
Package microtype Info: Applying patch `footnote' on input line 288.
Package microtype Info: Generating PDF output.
Package microtype Info: Character protrusion enabled (level 2).
Package microtype Info: Using default protrusion set `alltext'.
Package microtype Info: Automatic font expansion enabled (level 2),
(microtype)             stretch: 20, shrink: 20, step: 1, non-selected.
Package microtype Info: Using default expansion set `alltext-nott'.
LaTeX Info: Redefining \showhyphens on input line 288.
Package microtype Info: No adjustment of tracking.
Package microtype Info: No adjustment of interword spacing.
Package microtype Info: No adjustment of character kerning.
(d:/Programs/Tex/texlive/2022/texmf-dist/tex/latex/microtype/mt-cmr.cfg
File: mt-cmr.cfg 2013/05/19 v2.2 microtype config. file: Computer Modern Roman (RS)
) (d:/Programs/Tex/texlive/2022/texmf-dist/tex/context/base/mkii/supp-pdf.mkii
[Loading MPS to PDF converter (version 2006.09.02).]
\scratchcounter=\count328
\scratchdimen=\dimen199
\scratchbox=\box70
\nofMPsegments=\count329
\nofMParguments=\count330
\everyMPshowfont=\toks33
\MPscratchCnt=\count331
\MPscratchDim=\dimen256
\MPnumerator=\count332
\makeMPintoPDFobject=\count333
\everyMPtoPDFconversion=\toks34
) (d:/Programs/Tex/texlive/2022/texmf-dist/tex/latex/epstopdf-pkg/epstopdf-base.sty
Package: epstopdf-base 2020-01-24 v2.11 Base part for package epstopdf
Package epstopdf-base Info: Redefining graphics rule for `.eps' on input line 485.
 (d:/Programs/Tex/texlive/2022/texmf-dist/tex/latex/latexconfig/epstopdf-sys.cfg
File: epstopdf-sys.cfg 2010/07/13 v1.3 Configuration of (r)epstopdf for TeX Live
))
Package caption Info: Begin \AtBeginDocument code.
Package caption Info: float package is loaded.
Package caption Info: listings package is loaded.
Package caption Info: longtable package is loaded.
 (d:/Programs/Tex/texlive/2022/texmf-dist/tex/latex/caption/ltcaption.sty
Package: ltcaption 2021/01/08 v1.4c longtable captions (AR)
)
Package caption Info: subfigure package is loaded.
Package caption Info: End \AtBeginDocument code.
 (d:/Programs/Tex/texlive/2022/texmf-dist/tex/latex/translations/translations-basic-dictionary-english.trsl
File: translations-basic-dictionary-english.trsl (english translation file `translations-basic-dictionary')
)
Package translations Info: loading dictionary `translations-basic-dictionary' for `english'. on input line 288.
\c@lstlisting=\count334
LaTeX Font Info:    Trying to load font information for TS1+lmr on input line 316.
 (d:/Programs/Tex/texlive/2022/texmf-dist/tex/latex/lm/ts1lmr.fd
File: ts1lmr.fd 2015/05/01 v1.6.1 Font defs for Latin Modern
) [1


{d:/Programs/Tex/texlive/2022/texmf-var/fonts/map/pdftex/updmap/pdftex.map}]
LaTeX Font Info:    Trying to load font information for OT1+lmr on input line 321.
 (d:/Programs/Tex/texlive/2022/texmf-dist/tex/latex/lm/ot1lmr.fd
File: ot1lmr.fd 2015/05/01 v1.6.1 Font defs for Latin Modern
)
LaTeX Font Info:    Trying to load font information for OML+lmm on input line 321.
 (d:/Programs/Tex/texlive/2022/texmf-dist/tex/latex/lm/omllmm.fd
File: omllmm.fd 2015/05/01 v1.6.1 Font defs for Latin Modern
)
LaTeX Font Info:    Trying to load font information for OMS+lmsy on input line 321.
 (d:/Programs/Tex/texlive/2022/texmf-dist/tex/latex/lm/omslmsy.fd
File: omslmsy.fd 2015/05/01 v1.6.1 Font defs for Latin Modern
)
LaTeX Font Info:    Trying to load font information for OMX+lmex on input line 321.
 (d:/Programs/Tex/texlive/2022/texmf-dist/tex/latex/lm/omxlmex.fd
File: omxlmex.fd 2015/05/01 v1.6.1 Font defs for Latin Modern
)
LaTeX Font Info:    External font `lmex10' loaded for size
(Font)              <12> on input line 321.
LaTeX Font Info:    External font `lmex10' loaded for size
(Font)              <8> on input line 321.
LaTeX Font Info:    External font `lmex10' loaded for size
(Font)              <6> on input line 321.
LaTeX Font Info:    Trying to load font information for U+msa on input line 321.
 (d:/Programs/Tex/texlive/2022/texmf-dist/tex/latex/amsfonts/umsa.fd
File: umsa.fd 2013/01/14 v3.01 AMS symbols A
) (d:/Programs/Tex/texlive/2022/texmf-dist/tex/latex/microtype/mt-msa.cfg
File: mt-msa.cfg 2006/02/04 v1.1 microtype config. file: AMS symbols (a) (RS)
)
LaTeX Font Info:    Trying to load font information for U+msb on input line 321.
 (d:/Programs/Tex/texlive/2022/texmf-dist/tex/latex/amsfonts/umsb.fd
File: umsb.fd 2013/01/14 v3.01 AMS symbols B
) (d:/Programs/Tex/texlive/2022/texmf-dist/tex/latex/microtype/mt-msb.cfg
File: mt-msb.cfg 2005/06/01 v1.0 microtype config. file: AMS symbols (b) (RS)
) [2

]
LaTeX Font Info:    Trying to load font information for T1+lmss on input line 325.
 (d:/Programs/Tex/texlive/2022/texmf-dist/tex/latex/lm/t1lmss.fd
File: t1lmss.fd 2015/05/01 v1.6.1 Font defs for Latin Modern
)
Package microtype Info: Loading generic protrusion settings for font family
(microtype)             `lmss' (encoding: T1).
(microtype)             For optimal results, create family-specific settings.
(microtype)             See the microtype manual for details.
 (./SupplementaryMaterial/Abstract.tex [3

]) [4] (./Yan_Hao_PhD-Dissertation.toc [5

] [6])
\tf@toc=\write3
\openout3 = `Yan_Hao_PhD-Dissertation.toc'.

 [7] (./Yan_Hao_PhD-Dissertation.lof
LaTeX Font Info:    Trying to load font information for T1+lmtt on input line 20.
 (d:/Programs/Tex/texlive/2022/texmf-dist/tex/latex/lm/t1lmtt.fd
File: t1lmtt.fd 2015/05/01 v1.6.1 Font defs for Latin Modern
)
Package microtype Info: Loading generic protrusion settings for font family
(microtype)             `lmtt' (encoding: T1).
(microtype)             For optimal results, create family-specific settings.
(microtype)             See the microtype manual for details.
 [8

])
\tf@lof=\write4
\openout4 = `Yan_Hao_PhD-Dissertation.lof'.

 [9] (./Yan_Hao_PhD-Dissertation.lot)
\tf@lot=\write5
\openout5 = `Yan_Hao_PhD-Dissertation.lot'.

 [10

] (./SupplementaryMaterial/ListOfSymbols.tex

LaTeX Warning: Reference `catetransfer' on page xi undefined on input line 29.


LaTeX Warning: Reference `catetransfer' on page xi undefined on input line 32.


LaTeX Warning: Reference `generalandcategorical' on page xi undefined on input line 47.


LaTeX Warning: Reference `generalandcategorical' on page xi undefined on input line 50.


LaTeX Warning: Reference `generalandcategorical' on page xi undefined on input line 53.


LaTeX Warning: Reference `generalandcategorical' on page xi undefined on input line 56.

[11


]

LaTeX Warning: Reference `demand' on page xii undefined on input line 80.


LaTeX Warning: Reference `demand' on page xii undefined on input line 83.

) [12]
\openout2 = `Chapter-1/Chapter-1.aux'.

 (./Chapter-1/Chapter-1.tex
Chapter 1.

Underfull \hbox (badness 3492) in paragraph at lines 12--12
[]|\T1/lmr/m/n/12 (+20) State and Lo-cal
 []


Overfull \hbox (10.40526pt too wide) in paragraph at lines 10--28
 [][][][] 
 []

[1



]
<Chapter-1/Figures/fiscal federalism.jpeg, id=53, 722.7pt x 398.9304pt>
File: Chapter-1/Figures/fiscal federalism.jpeg Graphic file (type jpg)
<use Chapter-1/Figures/fiscal federalism.jpeg>
Package pdftex.def Info: Chapter-1/Figures/fiscal federalism.jpeg  used on input line 34.
(pdftex.def)             Requested size: 433.62334pt x 239.36008pt.
 [2] [3 <./Chapter-1/Figures/fiscal federalism.jpeg>] [4] [5]
<Chapter-2/Figures/how to evaluate the fiscal federalism.jpeg, id=67, 487.8225pt x 294.04857pt>
File: Chapter-2/Figures/how to evaluate the fiscal federalism.jpeg Graphic file (type jpg)
<use Chapter-2/Figures/how to evaluate the fiscal federalism.jpeg>
Package pdftex.def Info: Chapter-2/Figures/how to evaluate the fiscal federalism.jpeg  used on input line 87.
(pdftex.def)             Requested size: 487.8213pt x 294.04785pt.

Overfull \hbox (39.74641pt too wide) in paragraph at lines 87--89
 [][] 
 []

[6] [7 <./Chapter-2/Figures/how to evaluate the fiscal federalism.jpeg>]
LaTeX Font Info:    External font `lmex10' loaded for size
(Font)              <10> on input line 100.
LaTeX Font Info:    External font `lmex10' loaded for size
(Font)              <7> on input line 100.
LaTeX Font Info:    External font `lmex10' loaded for size
(Font)              <5> on input line 100.
<Chapter-1/Figures/source of federal general revenue.jpg, id=75, 432.087pt x 290.832pt>
File: Chapter-1/Figures/source of federal general revenue.jpg Graphic file (type jpg)
<use Chapter-1/Figures/source of federal general revenue.jpg>
Package pdftex.def Info: Chapter-1/Figures/source of federal general revenue.jpg  used on input line 105.
(pdftex.def)             Requested size: 138.90211pt x 93.49416pt.
<Chapter-1/Figures/source of state general revenue.jpg, id=76, 401.208pt x 269.37pt>
File: Chapter-1/Figures/source of state general revenue.jpg Graphic file (type jpg)
<use Chapter-1/Figures/source of state general revenue.jpg>
Package pdftex.def Info: Chapter-1/Figures/source of state general revenue.jpg  used on input line 107.
(pdftex.def)             Requested size: 138.90211pt x 93.25745pt.
<Chapter-1/Figures/sources of local general revenue.jpg, id=77, 400.113pt x 266.742pt>
File: Chapter-1/Figures/sources of local general revenue.jpg Graphic file (type jpg)
<use Chapter-1/Figures/sources of local general revenue.jpg>
Package pdftex.def Info: Chapter-1/Figures/sources of local general revenue.jpg  used on input line 109.
(pdftex.def)             Requested size: 138.90211pt x 92.59998pt.
<Chapter-1/Figures/federal expenditure.JPG, id=78, 385.221pt x 238.272pt>
File: Chapter-1/Figures/federal expenditure.JPG Graphic file (type jpg)
<use Chapter-1/Figures/federal expenditure.JPG>
Package pdftex.def Info: Chapter-1/Figures/federal expenditure.JPG  used on input line 139.
(pdftex.def)             Requested size: 200.31606pt x 123.90215pt.

Overfull \hbox (1.14677pt too wide) in paragraph at lines 139--139
 [][] 
 []

<Chapter-1/Figures/state and local expenditure.JPG, id=79, 385.002pt x 233.673pt>
File: Chapter-1/Figures/state and local expenditure.JPG Graphic file (type jpg)
<use Chapter-1/Figures/state and local expenditure.JPG>
Package pdftex.def Info: Chapter-1/Figures/state and local expenditure.JPG  used on input line 145.
(pdftex.def)             Requested size: 200.20218pt x 121.51065pt.

Overfull \hbox (1.0329pt too wide) in paragraph at lines 145--145
 [][] 
 []

[8 <./Chapter-1/Figures/source of federal general revenue.jpg> <./Chapter-1/Figures/source of state general revenue.jpg> <./Chapter-1/Figures/sources of local general revenue.jpg>]
<Chapter-1/Figures/Venn graph on public goods.jpeg, id=86, 1169.3286pt x 693.792pt>
File: Chapter-1/Figures/Venn graph on public goods.jpeg Graphic file (type jpg)
<use Chapter-1/Figures/Venn graph on public goods.jpeg>
Package pdftex.def Info: Chapter-1/Figures/Venn graph on public goods.jpeg  used on input line 157.
(pdftex.def)             Requested size: 467.72316pt x 277.51187pt.

Overfull \hbox (19.64827pt too wide) in paragraph at lines 157--159
 [][] 
 []

[9 <./Chapter-1/Figures/federal expenditure.JPG> <./Chapter-1/Figures/state and local expenditure.JPG>] [10 <./Chapter-1/Figures/Venn graph on public goods.jpeg>] [11] [12]
Overfull \hbox (65.37549pt too wide) in paragraph at lines 218--233
[][] 
 []

) [13]
\openout2 = `Chapter-2/Chapter-2.aux'.

 (./Chapter-2/Chapter-2.tex
Chapter 2.
[14




] [15] [16]
<Chapter-2/Figures/tree.jpg, id=114, 7118.595pt x 9208.4025pt>
File: Chapter-2/Figures/tree.jpg Graphic file (type jpg)
<use Chapter-2/Figures/tree.jpg>
Package pdftex.def Info: Chapter-2/Figures/tree.jpg  used on input line 124.
(pdftex.def)             Requested size: 291.86429pt x 377.54695pt.
 [17

 <./Chapter-2/Figures/tree.jpg>] [18

] [19] [20] [21] [22] [23] [24] [25] [26]
Overfull \hbox (101.6031pt too wide) in paragraph at lines 321--344
 [][][] 
 []

[27] [28] [29] [30] [31] [32] [33]) [34] [35]
\openout2 = `Chapter-3/Chapter-3.aux'.

 (./Chapter-3/Chapter-3.tex
Chapter 3.
[36




] [37] [38] [39] [40]
Underfull \hbox (badness 10000) in paragraph at lines 67--68
[]|\T1/lmr/m/n/12 (+20) 2000-2019
 []


Underfull \hbox (badness 10000) in paragraph at lines 67--68
\T1/lmr/m/n/12 (+20) an-nu-ally
 []


Underfull \hbox (badness 10000) in paragraph at lines 69--70
[]|\T1/lmr/m/n/12 (+20) 2000-2019
 []


Underfull \hbox (badness 10000) in paragraph at lines 69--70
\T1/lmr/m/n/12 (+20) an-nu-ally
 []


Underfull \hbox (badness 10000) in paragraph at lines 71--71
[]|\T1/lmr/m/n/12 (+20) Working age
 []


Underfull \hbox (badness 10000) in paragraph at lines 71--71
\T1/lmr/m/n/12 (+20) pop-u-la-tion
 []


Underfull \hbox (badness 10000) in paragraph at lines 71--72
[]|\T1/lmr/m/n/12 (+20) 2000-2019
 []


Underfull \hbox (badness 10000) in paragraph at lines 71--72
\T1/lmr/m/n/12 (+20) an-nu-ally
 []


Underfull \hbox (badness 3460) in paragraph at lines 73--73
[]|\T1/lmr/m/n/12 (+20) State me-dian
 []


Underfull \hbox (badness 5862) in paragraph at lines 73--73
\T1/lmr/m/n/12 (+20) house-hold in-
 []


Underfull \hbox (badness 10000) in paragraph at lines 73--74
[]|\T1/lmr/m/n/12 (+20) 2000-2019
 []


Underfull \hbox (badness 10000) in paragraph at lines 73--74
\T1/lmr/m/n/12 (+20) an-nu-ally
 []


Underfull \hbox (badness 10000) in paragraph at lines 75--75
[]|\T1/lmr/m/n/12 (+6) unemployment
 []


Underfull \hbox (badness 10000) in paragraph at lines 75--76
[]|\T1/lmr/m/n/12 (+20) 2000-2019
 []


Underfull \hbox (badness 10000) in paragraph at lines 75--76
\T1/lmr/m/n/12 (+20) an-nu-ally
 []


Underfull \hbox (badness 10000) in paragraph at lines 77--77
[]|\T1/lmr/m/n/12 (+20) public road
 []


Underfull \hbox (badness 10000) in paragraph at lines 77--77
[]|\T1/lmr/m/n/12 (+20) Bureau of
 []


Underfull \hbox (badness 10000) in paragraph at lines 77--77
\T1/lmr/m/n/12 (+20) trans-porta-
 []


Underfull \hbox (badness 10000) in paragraph at lines 77--78
[]|\T1/lmr/m/n/12 (+20) 2000-2019
 []


Underfull \hbox (badness 10000) in paragraph at lines 77--78
\T1/lmr/m/n/12 (+20) an-nu-ally
 []

<Chapter-3/Figures/heatmap.png, id=198, 574.145pt x 493.845pt>
File: Chapter-3/Figures/heatmap.png Graphic file (type png)
<use Chapter-3/Figures/heatmap.png>
Package pdftex.def Info: Chapter-3/Figures/heatmap.png  used on input line 90.
(pdftex.def)             Requested size: 401.89876pt x 345.68913pt.
[41]
<Chapter-3/Figures/contribution.png, id=203, 1003.75pt x 602.25pt>
File: Chapter-3/Figures/contribution.png Graphic file (type png)
<use Chapter-3/Figures/contribution.png>
Package pdftex.def Info: Chapter-3/Figures/contribution.png  used on input line 107.
(pdftex.def)             Requested size: 200.74644pt x 120.44786pt.

Overfull \hbox (1.57716pt too wide) in paragraph at lines 107--107
 [][] 
 []

<Chapter-3/Figures/contribution2.png, id=204, 1003.75pt x 602.25pt>
File: Chapter-3/Figures/contribution2.png Graphic file (type png)
<use Chapter-3/Figures/contribution2.png>
Package pdftex.def Info: Chapter-3/Figures/contribution2.png  used on input line 113.
(pdftex.def)             Requested size: 200.74644pt x 120.44786pt.

Overfull \hbox (1.57716pt too wide) in paragraph at lines 113--113
 [][] 
 []

[42 <./Chapter-3/Figures/heatmap.png>]
<Chapter-3/Figures/pca.png, id=209, 462.528pt x 346.896pt>
File: Chapter-3/Figures/pca.png Graphic file (type png)
<use Chapter-3/Figures/pca.png>
Package pdftex.def Info: Chapter-3/Figures/pca.png  used on input line 136.
(pdftex.def)             Requested size: 208.13567pt x 156.10175pt.

Overfull \hbox (8.96638pt too wide) in paragraph at lines 136--136
 [][] 
 []

<Chapter-3/Figures/pca_3d.png, id=210, 475.42819pt x 427.36865pt>
File: Chapter-3/Figures/pca_3d.png Graphic file (type png)
<use Chapter-3/Figures/pca_3d.png>
Package pdftex.def Info: Chapter-3/Figures/pca_3d.png  used on input line 142.
(pdftex.def)             Requested size: 213.9407pt x 192.3141pt.

Overfull \hbox (14.77142pt too wide) in paragraph at lines 142--142
 [][] 
 []

[43 <./Chapter-3/Figures/contribution.png (PNG copy)> <./Chapter-3/Figures/contribution2.png (PNG copy)> <./Chapter-3/Figures/pca.png> <./Chapter-3/Figures/pca_3d.png>] [44]
Underfull \hbox (badness 10000) in paragraph at lines 170--170
[]|\T1/lmr/m/n/12 (+7) Dependent
 []


Underfull \hbox (badness 10000) in paragraph at lines 172--172
[]|\T1/lmr/m/n/12 (+20) Combinations of lev-els,
 []


Underfull \hbox (badness 10000) in paragraph at lines 177--177
[]|\T1/lmr/m/n/12 (+20) Working age pop-u-la-tion
 []

[45]
Underfull \hbox (badness 10000) in paragraph at lines 187--187

 []


Overfull \hbox (1.93326pt too wide) detected at line 187
\OT1/lmr/m/n/12 (\OML/lmm/m/it/12 d; r; r; r\OT1/lmr/m/n/12 )\OML/lmm/m/it/12 ; \OT1/lmr/m/n/12 (\OML/lmm/m/it/12 d; r; r; d\OT1/lmr/m/n/12 )\OML/lmm/m/it/12 ; \OT1/lmr/m/n/12 (\OML/lmm/m/it/12 d; r; d; r\OT1/lmr/m/n/12 )\OML/lmm/m/it/12 ; \OT1/lmr/m/n/12 (\OML/lmm/m/it/12 d; r; d; d\OT1/lmr/m/n/12 )\OML/lmm/m/it/12 ; \OT1/lmr/m/n/12 (\OML/lmm/m/it/12 d; d; r; r\OT1/lmr/m/n/12 )\OML/lmm/m/it/12 ; \OT1/lmr/m/n/12 (\OML/lmm/m/it/12 d; d; r; d\OT1/lmr/m/n/12 )\OML/lmm/m/it/12 ; \OT1/lmr/m/n/12 (\OML/lmm/m/it/12 d; d; d; r\OT1/lmr/m/n/12 )\OML/lmm/m/it/12 ; \OT1/lmr/m/n/12 (\OML/lmm/m/it/12 d; d; d; d\OT1/lmr/m/n/12 )
 []

[46]
<Chapter-3/Figures/IGT and factors.jpg, id=226, 452.4403pt x 338.76563pt>
File: Chapter-3/Figures/IGT and factors.jpg Graphic file (type jpg)
<use Chapter-3/Figures/IGT and factors.jpg>
Package pdftex.def Info: Chapter-3/Figures/IGT and factors.jpg  used on input line 214.
(pdftex.def)             Requested size: 452.43921pt x 338.76479pt.

Overfull \hbox (4.36432pt too wide) in paragraph at lines 214--216
 [][] 
 []

[47 <./Chapter-3/Figures/IGT and factors.jpg>] [48] [49]
Underfull \hbox (badness 10000) in paragraph at lines 323--323
[]|\T1/lmr/m/n/12 (+20) Democratic
 []


Underfull \hbox (badness 10000) in paragraph at lines 329--329
[]|\T1/lmr/m/n/12 (+20) working age
 []


Underfull \hbox (badness 10000) in paragraph at lines 329--329
\T1/lmr/m/n/12 (+20) pop-u-la-tion
 []


Underfull \hbox (badness 10000) in paragraph at lines 331--331
[]|\T1/lmr/m/n/12 (+20) Log(median
 []


Underfull \hbox (badness 10000) in paragraph at lines 331--331
\T1/lmr/m/n/12 (+20) house-hold in-
 []


Underfull \hbox (badness 10000) in paragraph at lines 333--333
[]|\T1/lmr/m/n/12 (+20) unemployment
 []

[50] [51] [52] [53]) [54]
\openout2 = `Chapter-4/Chapter-4.aux'.

 (./Chapter-4/Chapter-4.tex
Chapter 4.

Overfull \hbox (33.12218pt too wide) in paragraph at lines 3--3
|\T1/lmss/bx/n/30 (-20) Effect of In-ter-gov-ern-men-tal Trans-
 []


Overfull \hbox (24.45552pt too wide) in paragraph at lines 3--3
\T1/lmss/bx/n/30 (-20) fer on Lo-cal Gov-ern-ments' Spend-
 []

<Chapter-4/Figures/Effect of Intergovernmental Transfer.jpeg, id=252, 1254.3663pt x 850.1361pt>
File: Chapter-4/Figures/Effect of Intergovernmental Transfer.jpeg Graphic file (type jpg)
<use Chapter-4/Figures/Effect of Intergovernmental Transfer.jpeg>
Package pdftex.def Info: Chapter-4/Figures/Effect of Intergovernmental Transfer.jpeg  used on input line 9.
(pdftex.def)             Requested size: 501.73764pt x 340.04842pt.

Overfull \hbox (53.66275pt too wide) in paragraph at lines 9--11
 [][] 
 []

[55




] [56 <./Chapter-4/Figures/Effect of Intergovernmental Transfer.jpeg>] [57] [58] [59]
<Chapter-4/Figures/mfyeffect.jpg, id=269, 658.71094pt x 542.77782pt>
File: Chapter-4/Figures/mfyeffect.jpg Graphic file (type jpg)
<use Chapter-4/Figures/mfyeffect.jpg>
Package pdftex.def Info: Chapter-4/Figures/mfyeffect.jpg  used on input line 153.
(pdftex.def)             Requested size: 263.4797pt x 217.10727pt.
 [60 <./Chapter-4/Figures/mfyeffect.jpg>] [61]
<Chapter-4/Figures/budget constrain distortion.jpg, id=277, 688.0104pt x 564.57324pt>
File: Chapter-4/Figures/budget constrain distortion.jpg Graphic file (type jpg)
<use Chapter-4/Figures/budget constrain distortion.jpg>
Package pdftex.def Info: Chapter-4/Figures/budget constrain distortion.jpg  used on input line 175.
(pdftex.def)             Requested size: 275.19928pt x 225.82529pt.
 [62] [63 <./Chapter-4/Figures/budget constrain distortion.jpg>] [64] [65]
<Chapter-4/Figures/distofp1.jpg, id=290, 332.74312pt x 208.52907pt>
File: Chapter-4/Figures/distofp1.jpg Graphic file (type jpg)
<use Chapter-4/Figures/distofp1.jpg>
Package pdftex.def Info: Chapter-4/Figures/distofp1.jpg  used on input line 278.
(pdftex.def)             Requested size: 201.63232pt x 126.36252pt.
<Chapter-4/Figures/distofp2.jpg, id=291, 396.7322pt x 231.86626pt>
File: Chapter-4/Figures/distofp2.jpg Graphic file (type jpg)
<use Chapter-4/Figures/distofp2.jpg>
Package pdftex.def Info: Chapter-4/Figures/distofp2.jpg  used on input line 280.
(pdftex.def)             Requested size: 201.63232pt x 117.84334pt.
<Chapter-4/Figures/distofp3.jpg, id=292, 376.40625pt x 240.14719pt>
File: Chapter-4/Figures/distofp3.jpg Graphic file (type jpg)
<use Chapter-4/Figures/distofp3.jpg>
Package pdftex.def Info: Chapter-4/Figures/distofp3.jpg  used on input line 282.
(pdftex.def)             Requested size: 201.63232pt x 128.64418pt.
<Chapter-4/Figures/distofp4.jpg, id=293, 452.4403pt x 230.36063pt>
File: Chapter-4/Figures/distofp4.jpg Graphic file (type jpg)
<use Chapter-4/Figures/distofp4.jpg>
Package pdftex.def Info: Chapter-4/Figures/distofp4.jpg  used on input line 284.
(pdftex.def)             Requested size: 201.63232pt x 102.65953pt.
<Chapter-4/Figures/alpha01.jpg, id=294, 361.35pt x 229.60782pt>
File: Chapter-4/Figures/alpha01.jpg Graphic file (type jpg)
<use Chapter-4/Figures/alpha01.jpg>
Package pdftex.def Info: Chapter-4/Figures/alpha01.jpg  used on input line 294.
(pdftex.def)             Requested size: 201.63232pt x 128.12053pt.
<Chapter-4/Figures/alpha04.jpg, id=295, 361.35pt x 229.60782pt>
File: Chapter-4/Figures/alpha04.jpg Graphic file (type jpg)
<use Chapter-4/Figures/alpha04.jpg>
Package pdftex.def Info: Chapter-4/Figures/alpha04.jpg  used on input line 296.
(pdftex.def)             Requested size: 201.63232pt x 128.12053pt.
<Chapter-4/Figures/alpha07.jpg, id=296, 361.35pt x 229.60782pt>
File: Chapter-4/Figures/alpha07.jpg Graphic file (type jpg)
<use Chapter-4/Figures/alpha07.jpg>
Package pdftex.def Info: Chapter-4/Figures/alpha07.jpg  used on input line 298.
(pdftex.def)             Requested size: 201.63232pt x 128.12053pt.
<Chapter-4/Figures/alpha09.jpg, id=297, 361.35pt x 229.60782pt>
File: Chapter-4/Figures/alpha09.jpg Graphic file (type jpg)
<use Chapter-4/Figures/alpha09.jpg>
Package pdftex.def Info: Chapter-4/Figures/alpha09.jpg  used on input line 300.
(pdftex.def)             Requested size: 201.63232pt x 128.12053pt.
 [66 <./Chapter-4/Figures/distofp1.jpg> <./Chapter-4/Figures/distofp2.jpg> <./Chapter-4/Figures/distofp3.jpg> <./Chapter-4/Figures/distofp4.jpg>]
<Chapter-4/Figures/beta01.jpg, id=301, 361.35pt x 229.60782pt>
File: Chapter-4/Figures/beta01.jpg Graphic file (type jpg)
<use Chapter-4/Figures/beta01.jpg>
Package pdftex.def Info: Chapter-4/Figures/beta01.jpg  used on input line 314.
(pdftex.def)             Requested size: 201.63232pt x 128.12053pt.
<Chapter-4/Figures/beta04.jpg, id=302, 361.35pt x 229.60782pt>
File: Chapter-4/Figures/beta04.jpg Graphic file (type jpg)
<use Chapter-4/Figures/beta04.jpg>
Package pdftex.def Info: Chapter-4/Figures/beta04.jpg  used on input line 316.
(pdftex.def)             Requested size: 201.63232pt x 128.12053pt.
<Chapter-4/Figures/beta07.jpg, id=303, 361.35pt x 225.84375pt>
File: Chapter-4/Figures/beta07.jpg Graphic file (type jpg)
<use Chapter-4/Figures/beta07.jpg>
Package pdftex.def Info: Chapter-4/Figures/beta07.jpg  used on input line 318.
(pdftex.def)             Requested size: 201.63232pt x 126.02019pt.
<Chapter-4/Figures/beta09.jpg, id=304, 361.35pt x 225.84375pt>
File: Chapter-4/Figures/beta09.jpg Graphic file (type jpg)
<use Chapter-4/Figures/beta09.jpg>
Package pdftex.def Info: Chapter-4/Figures/beta09.jpg  used on input line 320.
(pdftex.def)             Requested size: 201.63232pt x 126.02019pt.
 [67 <./Chapter-4/Figures/alpha01.jpg> <./Chapter-4/Figures/alpha04.jpg> <./Chapter-4/Figures/alpha07.jpg> <./Chapter-4/Figures/alpha09.jpg>] [68 <./Chapter-4/Figures/beta01.jpg> <./Chapter-4/Figures/beta04.jpg> <./Chapter-4/Figures/beta07.jpg> <./Chapter-4/Figures/beta09.jpg>] [69] [70]) [71] [72]
\openout2 = `Chapter-5/Chapter-5.aux'.

 (./Chapter-5/Chapter-5.tex
Chapter 5.

Overfull \hbox (5.12282pt too wide) in paragraph at lines 2--2
\T1/lmss/bx/n/30 (-20) men-tals' Rev-enue Col-lec-tion Be-
 []

[73




] [74] [75] [76] [77] [78] [79]) [80]
\openout2 = `Chapter-6/Chapter-6.aux'.

 (./Chapter-6/Chapter-6.tex
Chapter 6.
[81




]) [82]
\openout2 = `Appendix-A/Appendix-A.aux'.

 (./Appendix-A/Appendix-A.tex
Appendix A.

Underfull \hbox (badness 10000) in paragraph at lines 21--21
[]|\T1/lmr/m/n/12 (+20) Bureau of trans-
 []


Overfull \hbox (1.69751pt too wide) in paragraph at lines 9--25
 [][][][][][][][][][][] 
 []

<Chapter-1/Figures/source of federal revenue.JPG, id=357, 374.14781pt x 518.6878pt>
File: Chapter-1/Figures/source of federal revenue.JPG Graphic file (type jpg)
<use Chapter-1/Figures/source of federal revenue.JPG>
Package pdftex.def Info: Chapter-1/Figures/source of federal revenue.JPG  used on input line 38.
(pdftex.def)             Requested size: 194.55797pt x 269.71921pt.
<Chapter-1/Figures/source of state and local revenue.JPG, id=358, 539.76656pt x 243.91125pt>
File: Chapter-1/Figures/source of state and local revenue.JPG Graphic file (type jpg)
<use Chapter-1/Figures/source of state and local revenue.JPG>
Package pdftex.def Info: Chapter-1/Figures/source of state and local revenue.JPG  used on input line 44.
(pdftex.def)             Requested size: 280.68022pt x 126.83456pt.

Overfull \hbox (81.51094pt too wide) in paragraph at lines 44--44
 [][] 
 []

[83




]
<Appendix-A/republican.jpg, id=362, 566.115pt x 258.21469pt>
File: Appendix-A/republican.jpg Graphic file (type jpg)
<use Appendix-A/republican.jpg>
Package pdftex.def Info: Appendix-A/republican.jpg  used on input line 54.
(pdftex.def)             Requested size: 396.2778pt x 180.74904pt.
<Appendix-A/democratic.jpg, id=363, 592.46344pt x 312.41719pt>
File: Appendix-A/democratic.jpg Graphic file (type jpg)
<use Appendix-A/democratic.jpg>
Package pdftex.def Info: Appendix-A/democratic.jpg  used on input line 62.
(pdftex.def)             Requested size: 414.72157pt x 218.69052pt.
 [84 <./Chapter-1/Figures/source of federal revenue.JPG> <./Chapter-1/Figures/source of state and local revenue.JPG> <./Appendix-A/republican.jpg>]
<Appendix-A/swing.jpg, id=367, 511.9125pt x 359.09157pt>
File: Appendix-A/swing.jpg Graphic file (type jpg)
<use Appendix-A/swing.jpg>
Package pdftex.def Info: Appendix-A/swing.jpg  used on input line 70.
(pdftex.def)             Requested size: 358.3363pt x 251.36238pt.
) [85 <./Appendix-A/democratic.jpg> <./Appendix-A/swing.jpg>]
\openout2 = `Appendix-B/Appendix-B.aux'.

 (./Appendix-B/Appendix-B.tex
Appendix B.
) [86




]
\openout2 = `Appendix-C/Appendix-C.aux'.

 (./Appendix-C/Appendix-C.tex
Appendix C.
) [87




] (./Yan_Hao_PhD-Dissertation.bbl
Package microtype Info: Character `029' is missing
(microtype)             in font `T1/lmr/m/sc/12'.
(microtype)             Ignoring protrusion settings for this character.
 [88



] [89] [90] [91] [92] [93] [94] [95]) [96] (./SupplementaryMaterial/Vita.tex [97

])
Underfull \hbox (badness 10000) in paragraph at lines 29--449

 []


Underfull \hbox (badness 10000) in paragraph at lines 29--449

 []


Underfull \hbox (badness 10000) in paragraph at lines 29--449

 []


Underfull \hbox (badness 10000) in paragraph at lines 29--449

 []


Underfull \hbox (badness 10000) in paragraph at lines 29--449

 []

[98] (./Yan_Hao_PhD-Dissertation.aux (./Chapter-1/Chapter-1.aux) (./Chapter-2/Chapter-2.aux) (./Chapter-3/Chapter-3.aux) (./Chapter-4/Chapter-4.aux) (./Chapter-5/Chapter-5.aux) (./Chapter-6/Chapter-6.aux) (./Appendix-A/Appendix-A.aux) (./Appendix-B/Appendix-B.aux) (./Appendix-C/Appendix-C.aux))

LaTeX Warning: There were undefined references.

 ) 
Here is how much of TeX's memory you used:
 16220 strings out of 476093
 321105 string characters out of 5789096
 1873787 words of memory out of 5000000
 35857 multiletter control sequences out of 15000+600000
 613401 words of font info for 264 fonts, out of 8000000 for 9000
 1141 hyphenation exceptions out of 8191
 87i,15n,92p,2445b,859s stack positions out of 10000i,1000n,20000p,200000b,200000s
{d:/Programs/Tex/texlive/2022/texmf-dist/fonts/enc/dvips/lm/lm-ec.enc}{d:/Programs/Tex/texlive/2022/texmf-dist/fonts/enc/dvips/lm/lm-mathsy.enc}{d:/Programs/Tex/texlive/2022/texmf-dist/fonts/enc/dvips/lm/lm-rm.enc}{d:/Programs/Tex/texlive/2022/texmf-dist/fonts/enc/dvips/lm/lm-mathit.enc}{d:/Programs/Tex/texlive/2022/texmf-dist/fonts/enc/dvips/lm/lm-mathex.enc}{d:/Programs/Tex/texlive/2022/texmf-dist/fonts/enc/dvips/lm/lm-ts1.enc}<d:/Programs/Tex/texlive/2022/texmf-dist/fonts/type1/public/lm/lmbx12.pfb><d:/Programs/Tex/texlive/2022/texmf-dist/fonts/type1/public/lm/lmcsc10.pfb><d:/Programs/Tex/texlive/2022/texmf-dist/fonts/type1/public/lm/lmex10.pfb><d:/Programs/Tex/texlive/2022/texmf-dist/fonts/type1/public/lm/lmmi10.pfb><d:/Programs/Tex/texlive/2022/texmf-dist/fonts/type1/public/lm/lmmi12.pfb><d:/Programs/Tex/texlive/2022/texmf-dist/fonts/type1/public/lm/lmmi5.pfb><d:/Programs/Tex/texlive/2022/texmf-dist/fonts/type1/public/lm/lmmi6.pfb><d:/Programs/Tex/texlive/2022/texmf-dist/fonts/type1/public/lm/lmmi7.pfb><d:/Programs/Tex/texlive/2022/texmf-dist/fonts/type1/public/lm/lmmi8.pfb><d:/Programs/Tex/texlive/2022/texmf-dist/fonts/type1/public/lm/lmr10.pfb><d:/Programs/Tex/texlive/2022/texmf-dist/fonts/type1/public/lm/lmr12.pfb><d:/Programs/Tex/texlive/2022/texmf-dist/fonts/type1/public/lm/lmr6.pfb><d:/Programs/Tex/texlive/2022/texmf-dist/fonts/type1/public/lm/lmr7.pfb><d:/Programs/Tex/texlive/2022/texmf-dist/fonts/type1/public/lm/lmr8.pfb><d:/Programs/Tex/texlive/2022/texmf-dist/fonts/type1/public/lm/lmri12.pfb><d:/Programs/Tex/texlive/2022/texmf-dist/fonts/type1/public/lm/lmssbx10.pfb><d:/Programs/Tex/texlive/2022/texmf-dist/fonts/type1/public/lm/lmsy10.pfb><d:/Programs/Tex/texlive/2022/texmf-dist/fonts/type1/public/lm/lmsy6.pfb><d:/Programs/Tex/texlive/2022/texmf-dist/fonts/type1/public/lm/lmsy8.pfb>
Output written on Yan_Hao_PhD-Dissertation.pdf (110 pages, 13568084 bytes).
PDF statistics:
 513 PDF objects out of 1000 (max. 8388607)
 317 compressed objects within 4 object streams
 0 named destinations out of 1000 (max. 500000)
 53936 words of extra memory for PDF output out of 61914 (max. 10000000)

