This is pdfTeX, Version 3.141592653-2.6-1.40.24 (TeX Live 2022) (preloaded format=pdflatex 2023.1.16)  12 FEB 2023 14:05
entering extended mode
 restricted \write18 enabled.
 file:line:error style messages enabled.
 %&-line parsing enabled.
**"d:/PhD PSU/Dissertation/Dissertation paper/PSU_Thesis-main/YourName-Dissertation.tex"
(d:/PhD PSU/Dissertation/Dissertation paper/PSU_Thesis-main/YourName-Dissertation.tex
LaTeX2e <2022-11-01> patch level 1
L3 programming layer <2022-12-17> (./psuthesis.cls
Document Class: psuthesis 2019/07/10 v2.9.2 psuthesis class
(d:/Programs/Tex/texlive/2022/texmf-dist/tex/latex/base/ifthen.sty
Package: ifthen 2022/04/13 v1.1d Standard LaTeX ifthen package (DPC)
) (d:/Programs/Tex/texlive/2022/texmf-dist/tex/latex/base/book.cls
Document Class: book 2022/07/02 v1.4n Standard LaTeX document class
(d:/Programs/Tex/texlive/2022/texmf-dist/tex/latex/base/bk12.clo
File: bk12.clo 2022/07/02 v1.4n Standard LaTeX file (size option)
)
\c@part=\count185
\c@chapter=\count186
\c@section=\count187
\c@subsection=\count188
\c@subsubsection=\count189
\c@paragraph=\count190
\c@subparagraph=\count191
\c@figure=\count192
\c@table=\count193
\abovecaptionskip=\skip48
\belowcaptionskip=\skip49
\bibindent=\dimen140
) (d:/Programs/Tex/texlive/2022/texmf-dist/tex/latex/tools/calc.sty
Package: calc 2017/05/25 v4.3 Infix arithmetic (KKT,FJ)
\calc@Acount=\count194
\calc@Bcount=\count195
\calc@Adimen=\dimen141
\calc@Bdimen=\dimen142
\calc@Askip=\skip50
\calc@Bskip=\skip51
LaTeX Info: Redefining \setlength on input line 80.
LaTeX Info: Redefining \addtolength on input line 81.
\calc@Ccount=\count196
\calc@Cskip=\skip52
) (d:/Programs/Tex/texlive/2022/texmf-dist/tex/latex/setspace/setspace.sty
Package: setspace 2022/12/04 v6.7b set line spacing
) (d:/Programs/Tex/texlive/2022/texmf-dist/tex/latex/tocloft/tocloft.sty
Package: tocloft 2017/08/31 v2.3i parameterised ToC, etc., typesetting
Package tocloft Info: The document has chapter divisions on input line 51.
\cftparskip=\skip53
\cftbeforetoctitleskip=\skip54
\cftaftertoctitleskip=\skip55
\cftbeforepartskip=\skip56
\cftpartnumwidth=\skip57
\cftpartindent=\skip58
\cftbeforechapskip=\skip59
\cftchapindent=\skip60
\cftchapnumwidth=\skip61
\cftbeforesecskip=\skip62
\cftsecindent=\skip63
\cftsecnumwidth=\skip64
\cftbeforesubsecskip=\skip65
\cftsubsecindent=\skip66
\cftsubsecnumwidth=\skip67
\cftbeforesubsubsecskip=\skip68
\cftsubsubsecindent=\skip69
\cftsubsubsecnumwidth=\skip70
\cftbeforeparaskip=\skip71
\cftparaindent=\skip72
\cftparanumwidth=\skip73
\cftbeforesubparaskip=\skip74
\cftsubparaindent=\skip75
\cftsubparanumwidth=\skip76
\cftbeforeloftitleskip=\skip77
\cftafterloftitleskip=\skip78
\cftbeforefigskip=\skip79
\cftfigindent=\skip80
\cftfignumwidth=\skip81
\cftbeforelottitleskip=\skip82
\cftafterlottitleskip=\skip83
\cftbeforetabskip=\skip84
\cfttabindent=\skip85
\cfttabnumwidth=\skip86
\cftbeforesubfigskip=\skip87
\cftsubfigindent=\skip88
\cftsubfignumwidth=\skip89
\cftbeforesubtabskip=\skip90
\cftsubtabindent=\skip91
\cftsubtabnumwidth=\skip92
) (d:/Programs/Tex/texlive/2022/texmf-dist/tex/latex/fancyhdr/fancyhdr.sty
Package: fancyhdr 2022/11/09 v4.1 Extensive control of page headers and footers
\f@nch@headwidth=\skip93
\f@nch@O@elh=\skip94
\f@nch@O@erh=\skip95
\f@nch@O@olh=\skip96
\f@nch@O@orh=\skip97
\f@nch@O@elf=\skip98
\f@nch@O@erf=\skip99
\f@nch@O@olf=\skip100
\f@nch@O@orf=\skip101
) (d:/Programs/Tex/texlive/2022/texmf-dist/tex/latex/textcase/textcase.sty
Package: textcase 2022/07/10 v1.03 Text only upper/lower case changing (DPC)
Package textcase Info: Defining Legacy names on input line 20.
) (d:/Programs/Tex/texlive/2022/texmf-dist/tex/latex/geometry/geometry.sty
Package: geometry 2020/01/02 v5.9 Page Geometry
 (d:/Programs/Tex/texlive/2022/texmf-dist/tex/latex/graphics/keyval.sty
Package: keyval 2022/05/29 v1.15 key=value parser (DPC)
\KV@toks@=\toks16
) (d:/Programs/Tex/texlive/2022/texmf-dist/tex/generic/iftex/ifvtex.sty
Package: ifvtex 2019/10/25 v1.7 ifvtex legacy package. Use iftex instead.
 (d:/Programs/Tex/texlive/2022/texmf-dist/tex/generic/iftex/iftex.sty
Package: iftex 2022/02/03 v1.0f TeX engine tests
))
\Gm@cnth=\count197
\Gm@cntv=\count198
\c@Gm@tempcnt=\count199
\Gm@bindingoffset=\dimen143
\Gm@wd@mp=\dimen144
\Gm@odd@mp=\dimen145
\Gm@even@mp=\dimen146
\Gm@layoutwidth=\dimen147
\Gm@layoutheight=\dimen148
\Gm@layouthoffset=\dimen149
\Gm@layoutvoffset=\dimen150
\Gm@dimlist=\toks17
) (d:/Programs/Tex/texlive/2022/texmf-dist/tex/latex/oberdiek/twoopt.sty
Package: twoopt 2016/05/16 v1.6 Definitions with two optional arguments (HO)
)
\mylength=\skip102
\mylonglength=\skip103
\tempbox=\box51
\psu@sigoptionskip=\skip104
\psu@sigafteroptionskip=\skip105
\psu@intersigspace=\skip106
) (d:/Programs/Tex/texlive/2022/texmf-dist/tex/latex/base/fontenc.sty
Package: fontenc 2021/04/29 v2.0v Standard LaTeX package
) (d:/Programs/Tex/texlive/2022/texmf-dist/tex/latex/lm/lmodern.sty
Package: lmodern 2015/05/01 v1.6.1 Latin Modern Fonts
LaTeX Font Info:    Overwriting symbol font `operators' in version `normal'
(Font)                  OT1/cmr/m/n --> OT1/lmr/m/n on input line 22.
LaTeX Font Info:    Overwriting symbol font `letters' in version `normal'
(Font)                  OML/cmm/m/it --> OML/lmm/m/it on input line 23.
LaTeX Font Info:    Overwriting symbol font `symbols' in version `normal'
(Font)                  OMS/cmsy/m/n --> OMS/lmsy/m/n on input line 24.
LaTeX Font Info:    Overwriting symbol font `largesymbols' in version `normal'
(Font)                  OMX/cmex/m/n --> OMX/lmex/m/n on input line 25.
LaTeX Font Info:    Overwriting symbol font `operators' in version `bold'
(Font)                  OT1/cmr/bx/n --> OT1/lmr/bx/n on input line 26.
LaTeX Font Info:    Overwriting symbol font `letters' in version `bold'
(Font)                  OML/cmm/b/it --> OML/lmm/b/it on input line 27.
LaTeX Font Info:    Overwriting symbol font `symbols' in version `bold'
(Font)                  OMS/cmsy/b/n --> OMS/lmsy/b/n on input line 28.
LaTeX Font Info:    Overwriting symbol font `largesymbols' in version `bold'
(Font)                  OMX/cmex/m/n --> OMX/lmex/m/n on input line 29.
LaTeX Font Info:    Overwriting math alphabet `\mathbf' in version `normal'
(Font)                  OT1/cmr/bx/n --> OT1/lmr/bx/n on input line 31.
LaTeX Font Info:    Overwriting math alphabet `\mathsf' in version `normal'
(Font)                  OT1/cmss/m/n --> OT1/lmss/m/n on input line 32.
LaTeX Font Info:    Overwriting math alphabet `\mathit' in version `normal'
(Font)                  OT1/cmr/m/it --> OT1/lmr/m/it on input line 33.
LaTeX Font Info:    Overwriting math alphabet `\mathtt' in version `normal'
(Font)                  OT1/cmtt/m/n --> OT1/lmtt/m/n on input line 34.
LaTeX Font Info:    Overwriting math alphabet `\mathbf' in version `bold'
(Font)                  OT1/cmr/bx/n --> OT1/lmr/bx/n on input line 35.
LaTeX Font Info:    Overwriting math alphabet `\mathsf' in version `bold'
(Font)                  OT1/cmss/bx/n --> OT1/lmss/bx/n on input line 36.
LaTeX Font Info:    Overwriting math alphabet `\mathit' in version `bold'
(Font)                  OT1/cmr/bx/it --> OT1/lmr/bx/it on input line 37.
LaTeX Font Info:    Overwriting math alphabet `\mathtt' in version `bold'
(Font)                  OT1/cmtt/m/n --> OT1/lmtt/m/n on input line 38.
) (d:/Programs/Tex/texlive/2022/texmf-dist/tex/latex/base/textcomp.sty
Package: textcomp 2020/02/02 v2.0n Standard LaTeX package
) (d:/Programs/Tex/texlive/2022/texmf-dist/tex/latex/microtype/microtype.sty
Package: microtype 2022/06/23 v3.0f Micro-typographical refinements (RS)
 (d:/Programs/Tex/texlive/2022/texmf-dist/tex/latex/etoolbox/etoolbox.sty
Package: etoolbox 2020/10/05 v2.5k e-TeX tools for LaTeX (JAW)
\etb@tempcnta=\count266
)
\MT@toks=\toks18
\MT@tempbox=\box52
\MT@count=\count267
LaTeX Info: Redefining \noprotrusionifhmode on input line 1045.
LaTeX Info: Redefining \leftprotrusion on input line 1046.
LaTeX Info: Redefining \rightprotrusion on input line 1056.
LaTeX Info: Redefining \textls on input line 1234.
\MT@outer@kern=\dimen151
LaTeX Info: Redefining \textmicrotypecontext on input line 1858.
\MT@listname@count=\count268
 (d:/Programs/Tex/texlive/2022/texmf-dist/tex/latex/microtype/microtype-pdftex.def
File: microtype-pdftex.def 2022/06/23 v3.0f Definitions specific to pdftex (RS)
LaTeX Info: Redefining \lsstyle on input line 900.
LaTeX Info: Redefining \lslig on input line 900.
\MT@outer@space=\skip107
)
Package microtype Info: Loading configuration file microtype.cfg.
 (d:/Programs/Tex/texlive/2022/texmf-dist/tex/latex/microtype/microtype.cfg
File: microtype.cfg 2022/06/23 v3.0f microtype main configuration file (RS)
)) (d:/Programs/Tex/texlive/2022/texmf-dist/tex/latex/amsmath/amsmath.sty
Package: amsmath 2022/04/08 v2.17n AMS math features
\@mathmargin=\skip108

For additional information on amsmath, use the `?' option.
(d:/Programs/Tex/texlive/2022/texmf-dist/tex/latex/amsmath/amstext.sty
Package: amstext 2021/08/26 v2.01 AMS text
 (d:/Programs/Tex/texlive/2022/texmf-dist/tex/latex/amsmath/amsgen.sty
File: amsgen.sty 1999/11/30 v2.0 generic functions
\@emptytoks=\toks19
\ex@=\dimen152
)) (d:/Programs/Tex/texlive/2022/texmf-dist/tex/latex/amsmath/amsbsy.sty
Package: amsbsy 1999/11/29 v1.2d Bold Symbols
\pmbraise@=\dimen153
) (d:/Programs/Tex/texlive/2022/texmf-dist/tex/latex/amsmath/amsopn.sty
Package: amsopn 2022/04/08 v2.04 operator names
)
\inf@bad=\count269
LaTeX Info: Redefining \frac on input line 234.
\uproot@=\count270
\leftroot@=\count271
LaTeX Info: Redefining \overline on input line 399.
LaTeX Info: Redefining \colon on input line 410.
\classnum@=\count272
\DOTSCASE@=\count273
LaTeX Info: Redefining \ldots on input line 496.
LaTeX Info: Redefining \dots on input line 499.
LaTeX Info: Redefining \cdots on input line 620.
\Mathstrutbox@=\box53
\strutbox@=\box54
LaTeX Info: Redefining \big on input line 722.
LaTeX Info: Redefining \Big on input line 723.
LaTeX Info: Redefining \bigg on input line 724.
LaTeX Info: Redefining \Bigg on input line 725.
\big@size=\dimen154
LaTeX Font Info:    Redeclaring font encoding OML on input line 743.
LaTeX Font Info:    Redeclaring font encoding OMS on input line 744.
\macc@depth=\count274
LaTeX Info: Redefining \bmod on input line 905.
LaTeX Info: Redefining \pmod on input line 910.
LaTeX Info: Redefining \smash on input line 940.
LaTeX Info: Redefining \relbar on input line 970.
LaTeX Info: Redefining \Relbar on input line 971.
\c@MaxMatrixCols=\count275
\dotsspace@=\muskip16
\c@parentequation=\count276
\dspbrk@lvl=\count277
\tag@help=\toks20
\row@=\count278
\column@=\count279
\maxfields@=\count280
\andhelp@=\toks21
\eqnshift@=\dimen155
\alignsep@=\dimen156
\tagshift@=\dimen157
\tagwidth@=\dimen158
\totwidth@=\dimen159
\lineht@=\dimen160
\@envbody=\toks22
\multlinegap=\skip109
\multlinetaggap=\skip110
\mathdisplay@stack=\toks23
LaTeX Info: Redefining \[ on input line 2953.
LaTeX Info: Redefining \] on input line 2954.
) (d:/Programs/Tex/texlive/2022/texmf-dist/tex/latex/amsfonts/amssymb.sty
Package: amssymb 2013/01/14 v3.01 AMS font symbols
 (d:/Programs/Tex/texlive/2022/texmf-dist/tex/latex/amsfonts/amsfonts.sty
Package: amsfonts 2013/01/14 v3.01 Basic AMSFonts support
\symAMSa=\mathgroup4
\symAMSb=\mathgroup5
LaTeX Font Info:    Redeclaring math symbol \hbar on input line 98.
LaTeX Font Info:    Overwriting math alphabet `\mathfrak' in version `bold'
(Font)                  U/euf/m/n --> U/euf/b/n on input line 106.
)) (d:/Programs/Tex/texlive/2022/texmf-dist/tex/latex/multirow/multirow.sty
Package: multirow 2021/03/15 v2.8 Span multiple rows of a table
\multirow@colwidth=\skip111
\multirow@cntb=\count281
\multirow@dima=\skip112
\bigstrutjot=\dimen161
) (d:/Programs/Tex/texlive/2022/texmf-dist/tex/latex/booktabs/booktabs.sty
Package: booktabs 2020/01/12 v1.61803398 Publication quality tables
\heavyrulewidth=\dimen162
\lightrulewidth=\dimen163
\cmidrulewidth=\dimen164
\belowrulesep=\dimen165
\belowbottomsep=\dimen166
\aboverulesep=\dimen167
\abovetopsep=\dimen168
\cmidrulesep=\dimen169
\cmidrulekern=\dimen170
\defaultaddspace=\dimen171
\@cmidla=\count282
\@cmidlb=\count283
\@aboverulesep=\dimen172
\@belowrulesep=\dimen173
\@thisruleclass=\count284
\@lastruleclass=\count285
\@thisrulewidth=\dimen174
) (d:/Programs/Tex/texlive/2022/texmf-dist/tex/latex/caption/caption.sty
Package: caption 2022/03/01 v3.6b Customizing captions (AR)
 (d:/Programs/Tex/texlive/2022/texmf-dist/tex/latex/caption/caption3.sty
Package: caption3 2022/03/17 v2.3b caption3 kernel (AR)
\caption@tempdima=\dimen175
\captionmargin=\dimen176
\caption@leftmargin=\dimen177
\caption@rightmargin=\dimen178
\caption@width=\dimen179
\caption@indent=\dimen180
\caption@parindent=\dimen181
\caption@hangindent=\dimen182
Package caption Info: Unknown document class (or package),
(caption)             standard defaults will be used.
Package caption Info: \@makecaption = \long macro:#1#2->\vspace {7pt}\sbox {\tempbox }{\small \textbf {#1.} #2}\ifthenelse {\lengthtest {\wd \tempbox > \linewidth }}{\small \textbf {#1.} #2\par }{\centering \small \textbf {#1.} #2} on input line 1176.
)

Package caption Warning: Unknown document class (or package),
(caption)                standard defaults will be used.
See the caption package documentation for explanation.

\c@caption@flags=\count286
\c@continuedfloat=\count287
) (d:/Programs/Tex/texlive/2022/texmf-dist/tex/latex/subfigure/subfigure.sty
Package: subfigure 2002/03/15 v2.1.5 subfigure package
\subfigtopskip=\skip113
\subfigcapskip=\skip114
\subfigcaptopadj=\dimen183
\subfigbottomskip=\skip115
\subfigcapmargin=\dimen184
\subfiglabelskip=\skip116
\c@subfigure=\count288
\c@lofdepth=\count289
\c@subtable=\count290
\c@lotdepth=\count291

****************************************
* Local config file subfigure.cfg used *
****************************************
(d:/Programs/Tex/texlive/2022/texmf-dist/tex/latex/subfigure/subfigure.cfg)
\subfig@top=\skip117
\subfig@bottom=\skip118
) (d:/Programs/Tex/texlive/2022/texmf-dist/tex/latex/eqlist/eqlist.sty
eqlist.sty by M. Vaeth: Revision 2.1
Package: eqlist 2002/08/15 v2.1
(d:/Programs/Tex/texlive/2022/texmf-dist/tex/latex/eqparbox/eqparbox.sty
Package: eqparbox 2017/09/03 v4.1 Create equal-widthed boxes
\eqp@tempdima=\skip119
\eqp@tempdimb=\skip120
 (d:/Programs/Tex/texlive/2022/texmf-dist/tex/latex/tools/array.sty
Package: array 2022/09/04 v2.5g Tabular extension package (FMi)
\col@sep=\dimen185
\ar@mcellbox=\box55
\extrarowheight=\dimen186
\NC@list=\toks24
\extratabsurround=\skip121
\backup@length=\skip122
\ar@cellbox=\box56
)
\eqp@tabular@box=\box57
\eqp@list@box=\box58
\eqp@list@indent=\skip123
 (d:/Programs/Tex/texlive/2022/texmf-dist/tex/latex/environ/environ.sty
Package: environ 2014/05/04 v0.3 A new way to define environments
 (d:/Programs/Tex/texlive/2022/texmf-dist/tex/latex/trimspaces/trimspaces.sty
Package: trimspaces 2009/09/17 v1.1 Trim spaces around a token list
)))
\eql@cnt=\count292
) (d:/Programs/Tex/texlive/2022/texmf-dist/tex/latex/numprint/numprint.sty
Package: numprint 2012/08/20 v1.39 Print numbers (HH)
\c@nprt@mantissa@digitsbefore=\count293
\c@nprt@mantissa@digitsafter=\count294
\c@nprt@exponent@digitsbefore=\count295
\c@nprt@exponent@digitsafter=\count296
\nprt@digitwidth=\skip124
\nprt@sepwidth=\skip125
\nprt@decimalwidth=\skip126
\nprt@blockwidth=\skip127
\nprt@digittoks=\toks25
\nprt@pretoks=\toks26
\nprt@posttoks=\toks27
\nprt@thisdigit=\count297
\nprt@curpos=\count298
\nprt@rndpos=\count299
\c@nprt@digitsfirstblock=\count300
\c@nprt@blockcnt=\count301
\c@nprt@cntprint=\count302
 No configuration file `numprint.cfg' found.) (d:/Programs/Tex/texlive/2022/texmf-dist/tex/latex/acro/acro.sty (d:/Programs/Tex/texlive/2022/texmf-dist/tex/latex/l3packages/l3keys2e/l3keys2e.sty (d:/Programs/Tex/texlive/2022/texmf-dist/tex/latex/l3kernel/expl3.sty
Package: expl3 2022-12-17 L3 programming layer (loader) 
 (d:/Programs/Tex/texlive/2022/texmf-dist/tex/latex/l3backend/l3backend-pdftex.def
File: l3backend-pdftex.def 2022-10-26 L3 backend support: PDF output (pdfTeX)
\l__color_backend_stack_int=\count303
\l__pdf_internal_box=\box59
))
Package: l3keys2e 2022-12-17 LaTeX2e option processing using LaTeX3 keys
)
Package: acro 2022/04/01 v3.8 typeset acronyms and other abbreviations (CN)
\l__acro_tmpa_int=\count304
\l__acro_tmpb_int=\count305
\l__acro_tmpc_int=\count306
\l__acro_tmpd_int=\count307
Loading module `base' ...
Loading module `interface' ...
Loading module `aux' ...
Loading module `properties' ...
Loading module `acronyms' ...
Loading module `formatting' ...
Loading module `ppfixes' ...
Loading module `tools' ...
\l__acro_minimal_usage_int=\count308
\l__acro_nest_int=\count309
\g_acro_barrier_int=\count310
\g_acro_barrier_total_int=\count311
Loading module `commands' ...
\l_acro_nest_level_int=\count312
Loading module `templates' ...
Loading module `list' ...
Loading module `pages' ...
\l__acro_pages_seq_threshold_int=\count313
Loading module `locale' ...
 (d:/Programs/Tex/texlive/2022/texmf-dist/tex/latex/translations/translations.sty
Package: translations 2022/02/05 v1.12 internationalization of LaTeX2e packages (CN)
 (d:/Programs/Tex/texlive/2022/texmf-dist/tex/generic/pdftexcmds/pdftexcmds.sty
Package: pdftexcmds 2020-06-27 v0.33 Utility functions of pdfTeX for LuaTeX (HO)
 (d:/Programs/Tex/texlive/2022/texmf-dist/tex/generic/infwarerr/infwarerr.sty
Package: infwarerr 2019/12/03 v1.5 Providing info/warning/error messages (HO)
) (d:/Programs/Tex/texlive/2022/texmf-dist/tex/generic/ltxcmds/ltxcmds.sty
Package: ltxcmds 2020-05-10 v1.25 LaTeX kernel commands for general use (HO)
)
Package pdftexcmds Info: \pdf@primitive is available.
Package pdftexcmds Info: \pdf@ifprimitive is available.
Package pdftexcmds Info: \pdfdraftmode found.
))
Loading module `pdfsupport' ...
Loading module `patch' ...
Loading module `definitions' ...
Loading module `upgrade' ...
) (d:/Programs/Tex/texlive/2022/texmf-dist/tex/latex/graphics/graphicx.sty
Package: graphicx 2021/09/16 v1.2d Enhanced LaTeX Graphics (DPC,SPQR)
 (d:/Programs/Tex/texlive/2022/texmf-dist/tex/latex/graphics/graphics.sty
Package: graphics 2022/03/10 v1.4e Standard LaTeX Graphics (DPC,SPQR)
 (d:/Programs/Tex/texlive/2022/texmf-dist/tex/latex/graphics/trig.sty
Package: trig 2021/08/11 v1.11 sin cos tan (DPC)
) (d:/Programs/Tex/texlive/2022/texmf-dist/tex/latex/graphics-cfg/graphics.cfg
File: graphics.cfg 2016/06/04 v1.11 sample graphics configuration
)
Package graphics Info: Driver file: pdftex.def on input line 107.
 (d:/Programs/Tex/texlive/2022/texmf-dist/tex/latex/graphics-def/pdftex.def
File: pdftex.def 2022/09/22 v1.2b Graphics/color driver for pdftex
))
\Gin@req@height=\dimen187
\Gin@req@width=\dimen188
) (d:/Programs/Tex/texlive/2022/texmf-dist/tex/latex/graphics/color.sty
Package: color 2022/01/06 v1.3d Standard LaTeX Color (DPC)
 (d:/Programs/Tex/texlive/2022/texmf-dist/tex/latex/graphics-cfg/color.cfg
File: color.cfg 2016/01/02 v1.6 sample color configuration
)
Package color Info: Driver file: pdftex.def on input line 149.
 (d:/Programs/Tex/texlive/2022/texmf-dist/tex/latex/graphics/dvipsnam.def
File: dvipsnam.def 2016/06/17 v3.0m Driver-dependent file (DPC,SPQR)
) (d:/Programs/Tex/texlive/2022/texmf-dist/tex/latex/graphics/mathcolor.ltx)) (d:/Programs/Tex/texlive/2022/texmf-dist/tex/latex/float/float.sty
Package: float 2001/11/08 v1.3d Float enhancements (AL)
\c@float@type=\count314
\float@exts=\toks28
\float@box=\box60
\@float@everytoks=\toks29
\@floatcapt=\box61
) (d:/Programs/Tex/texlive/2022/texmf-dist/tex/latex/url/url.sty
\Urlmuskip=\muskip17
Package: url 2013/09/16  ver 3.4  Verb mode for urls, etc.
) (d:/Programs/Tex/texlive/2022/texmf-dist/tex/latex/cite/cite.sty
LaTeX Info: Redefining \cite on input line 302.
LaTeX Info: Redefining \nocite on input line 332.
Package: cite 2015/02/27  v 5.5
) (d:/Programs/Tex/texlive/2022/texmf-dist/tex/latex/titlesec/titlesec.sty
Package: titlesec 2021/07/05 v2.14 Sectioning titles
\ttl@box=\box62
\beforetitleunit=\skip128
\aftertitleunit=\skip129
\ttl@plus=\dimen189
\ttl@minus=\dimen190
\ttl@toksa=\toks30
\titlewidth=\dimen191
\titlewidthlast=\dimen192
\titlewidthfirst=\dimen193
) (./SupplementaryMaterial/UserDefinedCommands.tex) (d:/Programs/Tex/texlive/2022/texmf-dist/tex/latex/listings/listings.sty
\lst@mode=\count315
\lst@gtempboxa=\box63
\lst@token=\toks31
\lst@length=\count316
\lst@currlwidth=\dimen194
\lst@column=\count317
\lst@pos=\count318
\lst@lostspace=\dimen195
\lst@width=\dimen196
\lst@newlines=\count319
\lst@lineno=\count320
\lst@maxwidth=\dimen197
 (d:/Programs/Tex/texlive/2022/texmf-dist/tex/latex/listings/lstmisc.sty
File: lstmisc.sty 2020/03/24 1.8d (Carsten Heinz)
\c@lstnumber=\count321
\lst@skipnumbers=\count322
\lst@framebox=\box64
) (d:/Programs/Tex/texlive/2022/texmf-dist/tex/latex/listings/listings.cfg
File: listings.cfg 2020/03/24 1.8d listings configuration
))
Package: listings 2020/03/24 1.8d (Carsten Heinz)
Package translations Info: No language package found. I am going to use `english' as default language. on input line 281.
LaTeX Font Info:    Trying to load font information for T1+lmr on input line 281.
 (d:/Programs/Tex/texlive/2022/texmf-dist/tex/latex/lm/t1lmr.fd
File: t1lmr.fd 2015/05/01 v1.6.1 Font defs for Latin Modern
) (./YourName-Dissertation.aux (./Chapter-1/Chapter-1.aux) (./Chapter-2/Chapter-2.aux) (./Chapter-3/Chapter-3.aux) (./Chapter-4/Chapter-4.aux) (./Chapter-5/Chapter-5.aux) (./Chapter-6/Chapter-6.aux) (./Appendix-A/Appendix-A.aux) (./Appendix-B/Appendix-B.aux) (./Appendix-C/Appendix-C.aux) (./Appendix-D/Appendix-D.aux) (./Appendix-E/Appendix-E.aux))
\openout1 = `YourName-Dissertation.aux'.

LaTeX Font Info:    Checking defaults for OML/cmm/m/it on input line 281.
LaTeX Font Info:    ... okay on input line 281.
LaTeX Font Info:    Checking defaults for OMS/cmsy/m/n on input line 281.
LaTeX Font Info:    ... okay on input line 281.
LaTeX Font Info:    Checking defaults for OT1/cmr/m/n on input line 281.
LaTeX Font Info:    ... okay on input line 281.
LaTeX Font Info:    Checking defaults for T1/cmr/m/n on input line 281.
LaTeX Font Info:    ... okay on input line 281.
LaTeX Font Info:    Checking defaults for TS1/cmr/m/n on input line 281.
LaTeX Font Info:    ... okay on input line 281.
LaTeX Font Info:    Checking defaults for OMX/cmex/m/n on input line 281.
LaTeX Font Info:    ... okay on input line 281.
LaTeX Font Info:    Checking defaults for U/cmr/m/n on input line 281.
LaTeX Font Info:    ... okay on input line 281.

*geometry* driver: auto-detecting
*geometry* detected driver: pdftex
*geometry* verbose mode - [ preamble ] result:
* driver: pdftex
* paper: letterpaper
* layout: <same size as paper>
* layoutoffset:(h,v)=(0.0pt,0.0pt)
* modes: includefoot 
* h-part:(L,W,R)=(101.17755pt, 448.07489pt, 65.04256pt)
* v-part:(T,H,B)=(65.04256pt, 664.88487pt, 65.04256pt)
* \paperwidth=614.295pt
* \paperheight=794.96999pt
* \textwidth=448.07489pt
* \textheight=634.88487pt
* \oddsidemargin=28.90756pt
* \evensidemargin=28.90756pt
* \topmargin=-39.10123pt
* \headheight=12.0pt
* \headsep=19.8738pt
* \topskip=12.0pt
* \footskip=30.0pt
* \marginparwidth=47.0pt
* \marginparsep=7.0pt
* \columnsep=10.0pt
* \skip\footins=10.8pt plus 4.0pt minus 2.0pt
* \hoffset=0.0pt
* \voffset=0.0pt
* \mag=1000
* \@twocolumnfalse
* \@twosidefalse
* \@mparswitchfalse
* \@reversemarginfalse
* (1in=72.27pt=25.4mm, 1cm=28.453pt)

LaTeX Info: Redefining \microtypecontext on input line 281.
Package microtype Info: Applying patch `item' on input line 281.
Package microtype Info: Applying patch `toc' on input line 281.
Package microtype Info: Applying patch `eqnum' on input line 281.
Package microtype Info: Applying patch `footnote' on input line 281.
Package microtype Info: Generating PDF output.
Package microtype Info: Character protrusion enabled (level 2).
Package microtype Info: Using default protrusion set `alltext'.
Package microtype Info: Automatic font expansion enabled (level 2),
(microtype)             stretch: 20, shrink: 20, step: 1, non-selected.
Package microtype Info: Using default expansion set `alltext-nott'.
LaTeX Info: Redefining \showhyphens on input line 281.
Package microtype Info: No adjustment of tracking.
Package microtype Info: No adjustment of interword spacing.
Package microtype Info: No adjustment of character kerning.
(d:/Programs/Tex/texlive/2022/texmf-dist/tex/latex/microtype/mt-cmr.cfg
File: mt-cmr.cfg 2013/05/19 v2.2 microtype config. file: Computer Modern Roman (RS)
)
Package caption Info: Begin \AtBeginDocument code.
Package caption Info: float package is loaded.
Package caption Info: listings package is loaded.
Package caption Info: subfigure package is loaded.
Package caption Info: End \AtBeginDocument code.
 (d:/Programs/Tex/texlive/2022/texmf-dist/tex/latex/translations/translations-basic-dictionary-english.trsl
File: translations-basic-dictionary-english.trsl (english translation file `translations-basic-dictionary')
)
Package translations Info: loading dictionary `translations-basic-dictionary' for `english'. on input line 281.
 (d:/Programs/Tex/texlive/2022/texmf-dist/tex/context/base/mkii/supp-pdf.mkii
[Loading MPS to PDF converter (version 2006.09.02).]
\scratchcounter=\count323
\scratchdimen=\dimen198
\scratchbox=\box65
\nofMPsegments=\count324
\nofMParguments=\count325
\everyMPshowfont=\toks32
\MPscratchCnt=\count326
\MPscratchDim=\dimen199
\MPnumerator=\count327
\makeMPintoPDFobject=\count328
\everyMPtoPDFconversion=\toks33
) (d:/Programs/Tex/texlive/2022/texmf-dist/tex/latex/epstopdf-pkg/epstopdf-base.sty
Package: epstopdf-base 2020-01-24 v2.11 Base part for package epstopdf
Package epstopdf-base Info: Redefining graphics rule for `.eps' on input line 485.
 (d:/Programs/Tex/texlive/2022/texmf-dist/tex/latex/latexconfig/epstopdf-sys.cfg
File: epstopdf-sys.cfg 2010/07/13 v1.3 Configuration of (r)epstopdf for TeX Live
))
\c@lstlisting=\count329
LaTeX Font Info:    Trying to load font information for TS1+lmr on input line 309.
 (d:/Programs/Tex/texlive/2022/texmf-dist/tex/latex/lm/ts1lmr.fd
File: ts1lmr.fd 2015/05/01 v1.6.1 Font defs for Latin Modern
) [1


{d:/Programs/Tex/texlive/2022/texmf-var/fonts/map/pdftex/updmap/pdftex.map}]
LaTeX Font Info:    Trying to load font information for OT1+lmr on input line 314.
 (d:/Programs/Tex/texlive/2022/texmf-dist/tex/latex/lm/ot1lmr.fd
File: ot1lmr.fd 2015/05/01 v1.6.1 Font defs for Latin Modern
)
LaTeX Font Info:    Trying to load font information for OML+lmm on input line 314.
 (d:/Programs/Tex/texlive/2022/texmf-dist/tex/latex/lm/omllmm.fd
File: omllmm.fd 2015/05/01 v1.6.1 Font defs for Latin Modern
)
LaTeX Font Info:    Trying to load font information for OMS+lmsy on input line 314.
 (d:/Programs/Tex/texlive/2022/texmf-dist/tex/latex/lm/omslmsy.fd
File: omslmsy.fd 2015/05/01 v1.6.1 Font defs for Latin Modern
)
LaTeX Font Info:    Trying to load font information for OMX+lmex on input line 314.
 (d:/Programs/Tex/texlive/2022/texmf-dist/tex/latex/lm/omxlmex.fd
File: omxlmex.fd 2015/05/01 v1.6.1 Font defs for Latin Modern
)
LaTeX Font Info:    External font `lmex10' loaded for size
(Font)              <12> on input line 314.
LaTeX Font Info:    External font `lmex10' loaded for size
(Font)              <8> on input line 314.
LaTeX Font Info:    External font `lmex10' loaded for size
(Font)              <6> on input line 314.
LaTeX Font Info:    Trying to load font information for U+msa on input line 314.
 (d:/Programs/Tex/texlive/2022/texmf-dist/tex/latex/amsfonts/umsa.fd
File: umsa.fd 2013/01/14 v3.01 AMS symbols A
) (d:/Programs/Tex/texlive/2022/texmf-dist/tex/latex/microtype/mt-msa.cfg
File: mt-msa.cfg 2006/02/04 v1.1 microtype config. file: AMS symbols (a) (RS)
)
LaTeX Font Info:    Trying to load font information for U+msb on input line 314.
 (d:/Programs/Tex/texlive/2022/texmf-dist/tex/latex/amsfonts/umsb.fd
File: umsb.fd 2013/01/14 v3.01 AMS symbols B
) (d:/Programs/Tex/texlive/2022/texmf-dist/tex/latex/microtype/mt-msb.cfg
File: mt-msb.cfg 2005/06/01 v1.0 microtype config. file: AMS symbols (b) (RS)
) [2

]
LaTeX Font Info:    Trying to load font information for T1+lmss on input line 318.
 (d:/Programs/Tex/texlive/2022/texmf-dist/tex/latex/lm/t1lmss.fd
File: t1lmss.fd 2015/05/01 v1.6.1 Font defs for Latin Modern
)
Package microtype Info: Loading generic protrusion settings for font family
(microtype)             `lmss' (encoding: T1).
(microtype)             For optimal results, create family-specific settings.
(microtype)             See the microtype manual for details.
 (./SupplementaryMaterial/Abstract.tex) [3

] (./YourName-Dissertation.toc [4

])
\tf@toc=\write3
\openout3 = `YourName-Dissertation.toc'.

 [5] (./YourName-Dissertation.lof)
\tf@lof=\write4
\openout4 = `YourName-Dissertation.lof'.

 [6

] (./YourName-Dissertation.lot)
\tf@lot=\write5
\openout5 = `YourName-Dissertation.lot'.

 [7

] (./SupplementaryMaterial/ListOfSymbols.tex

LaTeX Warning: Reference `ChX-figure: FigureLabel3' on page viii undefined on input line 5.


LaTeX Warning: Reference `ChX-figure: FigureLabel3' on page viii undefined on input line 8.


LaTeX Warning: Reference `ChX-figure: FigureLabel7' on page viii undefined on input line 11.


LaTeX Warning: Reference `ChX-figure: FigureLabel3' on page viii undefined on input line 14.


LaTeX Warning: Reference `ChX-figure: FigureLabel4' on page viii undefined on input line 17.


LaTeX Warning: Reference `ChX-figure: FigureLabel5' on page viii undefined on input line 20.


LaTeX Warning: Reference `ChX-figure: FigureLabel6' on page viii undefined on input line 23.


LaTeX Warning: Reference `ChX-figure: FigureLabel7' on page viii undefined on input line 26.


LaTeX Warning: Reference `ChX-figure: FigureLabel8' on page viii undefined on input line 29.


LaTeX Warning: Reference `ChX-figure: FigureLabel9' on page viii undefined on input line 32.


LaTeX Warning: Reference `ChX-figure: FigureLabel10' on page viii undefined on input line 35.


LaTeX Warning: Reference `ChX-figure: FigureLabel3' on page viii undefined on input line 38.


LaTeX Warning: Reference `ChX-figure: FigureLabel4' on page viii undefined on input line 41.


LaTeX Warning: Reference `ChX-figure: FigureLabel5' on page viii undefined on input line 44.


LaTeX Warning: Reference `ChX-figure: FigureLabel6' on page viii undefined on input line 47.


LaTeX Warning: Reference `ChX-figure: FigureLabel7' on page viii undefined on input line 50.


LaTeX Warning: Reference `ChX-figure: FigureLabel8' on page viii undefined on input line 53.


LaTeX Warning: Reference `ChX-figure: FigureLabel3' on page viii undefined on input line 56.


LaTeX Warning: Reference `ChX-figure: FigureLabel3' on page viii undefined on input line 59.


LaTeX Warning: Reference `ChX-figure: FigureLabel3' on page viii undefined on input line 62.


LaTeX Warning: Reference `ChX-figure: FigureLabel3' on page viii undefined on input line 65.

[8


]

LaTeX Warning: Reference `ChX-figure: FigureLabel3' on page ix undefined on input line 68.


LaTeX Warning: Reference `ChX-figure: FigureLabel3' on page ix undefined on input line 71.


LaTeX Warning: Reference `ChX-figure: FigureLabel3' on page ix undefined on input line 74.

) [9] (./SupplementaryMaterial/Acknowledgments.tex) [10

]
\openout2 = `Chapter-1/Chapter-1.aux'.

 (./Chapter-1/Chapter-1.tex
Chapter 1.
<Chapter-1/Figures/fiscal federalism.JPG, id=40, 618.81187pt x 409.53pt>
File: Chapter-1/Figures/fiscal federalism.JPG Graphic file (type jpg)
<use Chapter-1/Figures/fiscal federalism.JPG>
Package pdftex.def Info: Chapter-1/Figures/fiscal federalism.JPG  used on input line 10.
(pdftex.def)             Requested size: 433.16536pt x 286.66904pt.
LaTeX Font Info:    Trying to load font information for T1+lmtt on input line 12.
(d:/Programs/Tex/texlive/2022/texmf-dist/tex/latex/lm/t1lmtt.fd
File: t1lmtt.fd 2015/05/01 v1.6.1 Font defs for Latin Modern
)
Package microtype Info: Loading generic protrusion settings for font family
(microtype)             `lmtt' (encoding: T1).
(microtype)             For optimal results, create family-specific settings.
(microtype)             See the microtype manual for details.
 [1



]
<Chapter-1/Figures/source of federal general revenue.jpg, id=44, 432.087pt x 290.832pt>
File: Chapter-1/Figures/source of federal general revenue.jpg Graphic file (type jpg)
<use Chapter-1/Figures/source of federal general revenue.jpg>
Package pdftex.def Info: Chapter-1/Figures/source of federal general revenue.jpg  used on input line 33.
(pdftex.def)             Requested size: 159.86967pt x 107.60614pt.
<Chapter-1/Figures/source of state general revenue.jpg, id=45, 401.208pt x 269.37pt>
File: Chapter-1/Figures/source of state general revenue.jpg Graphic file (type jpg)
<use Chapter-1/Figures/source of state general revenue.jpg>
Package pdftex.def Info: Chapter-1/Figures/source of state general revenue.jpg  used on input line 39.
(pdftex.def)             Requested size: 160.48035pt x 107.74608pt.
<Chapter-1/Figures/sources of local general revenue.jpg, id=46, 400.113pt x 266.742pt>
File: Chapter-1/Figures/sources of local general revenue.jpg Graphic file (type jpg)
<use Chapter-1/Figures/sources of local general revenue.jpg>
Package pdftex.def Info: Chapter-1/Figures/sources of local general revenue.jpg  used on input line 45.
(pdftex.def)             Requested size: 200.05602pt x 133.37067pt.

Overfull \hbox (0.88673pt too wide) in paragraph at lines 45--45
 [][] 
 []

[2 <./Chapter-1/Figures/fiscal federalism.JPG>]
<Chapter-1/Figures/federal expenditure.JPG, id=50, 385.221pt x 238.272pt>
File: Chapter-1/Figures/federal expenditure.JPG Graphic file (type jpg)
<use Chapter-1/Figures/federal expenditure.JPG>
Package pdftex.def Info: Chapter-1/Figures/federal expenditure.JPG  used on input line 72.
(pdftex.def)             Requested size: 200.31606pt x 123.90215pt.

Overfull \hbox (1.14677pt too wide) in paragraph at lines 72--72
 [][] 
 []

<Chapter-1/Figures/state and local expenditure.JPG, id=51, 385.002pt x 233.673pt>
File: Chapter-1/Figures/state and local expenditure.JPG Graphic file (type jpg)
<use Chapter-1/Figures/state and local expenditure.JPG>
Package pdftex.def Info: Chapter-1/Figures/state and local expenditure.JPG  used on input line 78.
(pdftex.def)             Requested size: 200.20218pt x 121.51065pt.

Overfull \hbox (1.0329pt too wide) in paragraph at lines 78--78
 [][] 
 []

[3 <./Chapter-1/Figures/source of federal general revenue.jpg> <./Chapter-1/Figures/source of state general revenue.jpg> <./Chapter-1/Figures/sources of local general revenue.jpg>]
<Chapter-1/Figures/Venn graph on public goods.jpg, id=57, 350.05782pt x 150.5625pt>
File: Chapter-1/Figures/Venn graph on public goods.jpg Graphic file (type jpg)
<use Chapter-1/Figures/Venn graph on public goods.jpg>
Package pdftex.def Info: Chapter-1/Figures/Venn graph on public goods.jpg  used on input line 91.
(pdftex.def)             Requested size: 350.05695pt x 150.56212pt.
 [4 <./Chapter-1/Figures/federal expenditure.JPG> <./Chapter-1/Figures/state and local expenditure.JPG> <./Chapter-1/Figures/Venn graph on public goods.jpg>] [5] [6]
Overfull \hbox (45.9848pt too wide) in paragraph at lines 157--172
[][] 
 []

) [7]
\openout2 = `Chapter-2/Chapter-2.aux'.

 (./Chapter-2/Chapter-2.tex
Chapter 2.

Underfull \hbox (badness 3492) in paragraph at lines 13--13
[]|\T1/lmr/m/n/12 (+20) State and Lo-cal
 []


Overfull \hbox (10.40526pt too wide) in paragraph at lines 11--29
 [][][] 
 []

[8




] [9] [10] [11]
<Chapter-2/Figures/how to evaluate the fiscal federalism.jpeg, id=86, 487.8225pt x 294.04857pt>
File: Chapter-2/Figures/how to evaluate the fiscal federalism.jpeg Graphic file (type jpg)
<use Chapter-2/Figures/how to evaluate the fiscal federalism.jpeg>
Package pdftex.def Info: Chapter-2/Figures/how to evaluate the fiscal federalism.jpeg  used on input line 57.
(pdftex.def)             Requested size: 487.8213pt x 294.04785pt.

Overfull \hbox (39.74641pt too wide) in paragraph at lines 57--59
 [][] 
 []

[12] [13 <./Chapter-2/Figures/how to evaluate the fiscal federalism.jpeg>] [14] [15] [16]
Underfull \hbox (badness 10000) in paragraph at lines 134--135
[]|\T1/lmr/m/n/12 (+20) 2000-2019
 []


Underfull \hbox (badness 10000) in paragraph at lines 134--135
\T1/lmr/m/n/12 (+20) an-nu-ally
 []


Underfull \hbox (badness 10000) in paragraph at lines 136--136
[]|\T1/lmr/m/n/12 (+20) Working age
 []


Underfull \hbox (badness 10000) in paragraph at lines 136--136
\T1/lmr/m/n/12 (+20) pop-u-la-tion
 []


Underfull \hbox (badness 10000) in paragraph at lines 136--137
[]|\T1/lmr/m/n/12 (+20) 2000-2019
 []


Underfull \hbox (badness 10000) in paragraph at lines 136--137
\T1/lmr/m/n/12 (+20) an-nu-ally
 []


Underfull \hbox (badness 3460) in paragraph at lines 138--138
[]|\T1/lmr/m/n/12 (+20) State me-dian
 []


Underfull \hbox (badness 5862) in paragraph at lines 138--138
\T1/lmr/m/n/12 (+20) house-hold in-
 []


Underfull \hbox (badness 10000) in paragraph at lines 138--139
[]|\T1/lmr/m/n/12 (+20) 2000-2019
 []


Underfull \hbox (badness 10000) in paragraph at lines 138--139
\T1/lmr/m/n/12 (+20) an-nu-ally
 []


Underfull \hbox (badness 10000) in paragraph at lines 140--140
[]|\T1/lmr/m/n/12 (+6) unemployment
 []


Underfull \hbox (badness 10000) in paragraph at lines 140--141
[]|\T1/lmr/m/n/12 (+20) 2000-2019
 []


Underfull \hbox (badness 10000) in paragraph at lines 140--141
\T1/lmr/m/n/12 (+20) an-nu-ally
 []


Underfull \hbox (badness 10000) in paragraph at lines 142--142
[]|\T1/lmr/m/n/12 (+20) public road
 []


Underfull \hbox (badness 10000) in paragraph at lines 142--142
[]|\T1/lmr/m/n/12 (+20) Bureau of
 []


Underfull \hbox (badness 10000) in paragraph at lines 142--142
\T1/lmr/m/n/12 (+20) trans-porta-
 []


Underfull \hbox (badness 10000) in paragraph at lines 142--143
[]|\T1/lmr/m/n/12 (+20) 2000-2019
 []


Underfull \hbox (badness 10000) in paragraph at lines 142--143
\T1/lmr/m/n/12 (+20) an-nu-ally
 []

[17]
<Chapter-2/Figures/pca.jpg, id=106, 424.58624pt x 292.09125pt>
File: Chapter-2/Figures/pca.jpg Graphic file (type jpg)
<use Chapter-2/Figures/pca.jpg>
Package pdftex.def Info: Chapter-2/Figures/pca.jpg  used on input line 155.
(pdftex.def)             Requested size: 424.5852pt x 292.09052pt.
 [18] [19 <./Chapter-2/Figures/pca.jpg>]) [20]
\openout2 = `Chapter-3/Chapter-3.aux'.

 (./Chapter-3/Chapter-3.tex
Chapter 3.
) [21




]
\openout2 = `Chapter-4/Chapter-4.aux'.

 (./Chapter-4/Chapter-4.tex
Chapter 4.
) [22




]
\openout2 = `Chapter-5/Chapter-5.aux'.

 (./Chapter-5/Chapter-5.tex
Chapter 5.
) [23




]
\openout2 = `Chapter-6/Chapter-6.aux'.

 (./Chapter-6/Chapter-6.tex
Chapter 6.
) [24




]
\openout2 = `Appendix-A/Appendix-A.aux'.

 (./Appendix-A/Appendix-A.tex
Appendix A.
<Chapter-1/Figures/source of federal revenue.JPG, id=129, 374.14781pt x 518.6878pt>
File: Chapter-1/Figures/source of federal revenue.JPG Graphic file (type jpg)
<use Chapter-1/Figures/source of federal revenue.JPG>
Package pdftex.def Info: Chapter-1/Figures/source of federal revenue.JPG  used on input line 17.
(pdftex.def)             Requested size: 194.55797pt x 269.71921pt.
<Chapter-1/Figures/source of state and local revenue.JPG, id=130, 539.76656pt x 243.91125pt>
File: Chapter-1/Figures/source of state and local revenue.JPG Graphic file (type jpg)
<use Chapter-1/Figures/source of state and local revenue.JPG>
Package pdftex.def Info: Chapter-1/Figures/source of state and local revenue.JPG  used on input line 23.
(pdftex.def)             Requested size: 280.68022pt x 126.83456pt.

Overfull \hbox (81.51094pt too wide) in paragraph at lines 23--23
 [][] 
 []

) [25




 <./Chapter-1/Figures/source of federal revenue.JPG> <./Chapter-1/Figures/source of state and local revenue.JPG>]
\openout2 = `Appendix-B/Appendix-B.aux'.

 (./Appendix-B/Appendix-B.tex
Appendix B.
) [26




] [27]
\openout2 = `Appendix-C/Appendix-C.aux'.

 (./Appendix-C/Appendix-C.tex
Appendix C.
) [28




] [29]
\openout2 = `Appendix-D/Appendix-D.aux'.

 (./Appendix-D/Appendix-D.tex
Appendix D.
) [30




] [31]
\openout2 = `Appendix-E/Appendix-E.aux'.

 (./Appendix-E/Appendix-E.tex
Appendix E.
) [32




] (./YourName-Dissertation.bbl
Package microtype Info: Character `029' is missing
(microtype)             in font `T1/lmr/m/sc/12'.
(microtype)             Ignoring protrusion settings for this character.
 [33



] [34] [35]) [36] (./SupplementaryMaterial/Vita.tex) [37

] (./YourName-Dissertation.aux (./Chapter-1/Chapter-1.aux) (./Chapter-2/Chapter-2.aux) (./Chapter-3/Chapter-3.aux) (./Chapter-4/Chapter-4.aux) (./Chapter-5/Chapter-5.aux) (./Chapter-6/Chapter-6.aux) (./Appendix-A/Appendix-A.aux) (./Appendix-B/Appendix-B.aux) (./Appendix-C/Appendix-C.aux) (./Appendix-D/Appendix-D.aux) (./Appendix-E/Appendix-E.aux))

LaTeX Warning: There were undefined references.

 ) 
Here is how much of TeX's memory you used:
 15563 strings out of 476093
 308366 string characters out of 5789096
 1865787 words of memory out of 5000000
 35343 multiletter control sequences out of 15000+600000
 590257 words of font info for 193 fonts, out of 8000000 for 9000
 1141 hyphenation exceptions out of 8191
 72i,14n,77p,2520b,720s stack positions out of 10000i,1000n,20000p,200000b,200000s
{d:/Programs/Tex/texlive/2022/texmf-dist/fonts/enc/dvips/lm/lm-ec.enc}{d:/Programs/Tex/texlive/2022/texmf-dist/fonts/enc/dvips/lm/lm-mathsy.enc}{d:/Programs/Tex/texlive/2022/texmf-dist/fonts/enc/dvips/lm/lm-rm.enc}{d:/Programs/Tex/texlive/2022/texmf-dist/fonts/enc/dvips/lm/lm-mathit.enc}{d:/Programs/Tex/texlive/2022/texmf-dist/fonts/enc/dvips/lm/lm-ts1.enc}<d:/Programs/Tex/texlive/2022/texmf-dist/fonts/type1/public/lm/lmbx12.pfb><d:/Programs/Tex/texlive/2022/texmf-dist/fonts/type1/public/lm/lmcsc10.pfb><d:/Programs/Tex/texlive/2022/texmf-dist/fonts/type1/public/lm/lmmi12.pfb><d:/Programs/Tex/texlive/2022/texmf-dist/fonts/type1/public/lm/lmr10.pfb><d:/Programs/Tex/texlive/2022/texmf-dist/fonts/type1/public/lm/lmr12.pfb><d:/Programs/Tex/texlive/2022/texmf-dist/fonts/type1/public/lm/lmri12.pfb><d:/Programs/Tex/texlive/2022/texmf-dist/fonts/type1/public/lm/lmssbx10.pfb><d:/Programs/Tex/texlive/2022/texmf-dist/fonts/type1/public/lm/lmsy10.pfb><d:/Programs/Tex/texlive/2022/texmf-dist/fonts/type1/public/lm/lmsy8.pfb>
Output written on YourName-Dissertation.pdf (47 pages, 1087451 bytes).
PDF statistics:
 224 PDF objects out of 1000 (max. 8388607)
 142 compressed objects within 2 object streams
 0 named destinations out of 1000 (max. 500000)
 43576 words of extra memory for PDF output out of 51595 (max. 10000000)

